\BOOKMARK [0][-]{abstract.0}{Abstract}{}
\BOOKMARK [0][-]{contents.0}{Table of Contents}{}
\BOOKMARK [0][-]{chapter.1}{The Standard Model and Beyond}{}
\BOOKMARK [1][-]{section.1.1}{The Standard Model}{chapter.1}
\BOOKMARK [2][-]{subsection.1.1.1}{Quantum Electrodynamics}{section.1.1}
\BOOKMARK [2][-]{subsection.1.1.2}{The Weak Interactions}{section.1.1}
\BOOKMARK [2][-]{subsection.1.1.3}{Quantum Chromodynamics}{section.1.1}
\BOOKMARK [2][-]{subsection.1.1.4}{Electroweak Unification}{section.1.1}
\BOOKMARK [2][-]{subsection.1.1.5}{The Higgs mechanism}{section.1.1}
\BOOKMARK [1][-]{section.1.2}{Searches for the Higgs boson}{chapter.1}
\BOOKMARK [2][-]{subsection.1.2.1}{Higgs boson phenomenology}{section.1.2}
\BOOKMARK [2][-]{subsection.1.2.2}{Searches at LEP}{section.1.2}
\BOOKMARK [2][-]{subsection.1.2.3}{Searches at the Tevatron}{section.1.2}
\BOOKMARK [2][-]{subsection.1.2.4}{Searches at the Tevatron}{section.1.2}
\BOOKMARK [1][-]{section.1.3}{Beyond the Standard Model}{chapter.1}
\BOOKMARK [2][-]{subsection.1.3.1}{The Hierarchy Problem}{section.1.3}
\BOOKMARK [2][-]{subsection.1.3.2}{Supersymmetry}{section.1.3}
\BOOKMARK [2][-]{subsection.1.3.3}{The Minimal Supersymmetric Model and \040leptons}{section.1.3}
\BOOKMARK [1][-]{section.1.4}{ leptons as a probe of new physics}{chapter.1}
\BOOKMARK [0][-]{chapter.2}{The Compact Muon Solenoid Experiment}{}
\BOOKMARK [0][-]{chapter.3}{Beyond the Standard Model}{}
\BOOKMARK [0][-]{chapter.4}{The Secondary Vertex Fit}{}
\BOOKMARK [0][-]{chapter.5}{Analysis Selections}{}
\BOOKMARK [0][-]{chapter.6}{Systematics}{}
\BOOKMARK [0][-]{chapter.7}{Results}{}
\BOOKMARK [0][-]{chapter.8}{Conclusions}{}
