\BOOKMARK [1][-]{section*.1}{Introduction}{}
\BOOKMARK [1][-]{section*.2}{Optimal Causal Models}{}
\BOOKMARK [1][-]{section*.3}{Information Processing Measures}{}
\BOOKMARK [1][-]{section*.4}{Excess Entropy}{}
\BOOKMARK [1][-]{section*.5}{Retrodiction}{}
\BOOKMARK [1][-]{section*.6}{Excess Entropy from Causal States}{}
\BOOKMARK [1][-]{section*.7}{The Bidirectional Machine}{}
\BOOKMARK [2][-]{section*.8}{Upper Bounds}{section*.7}
\BOOKMARK [2][-]{section*.9}{Causal Irreversibility}{section*.7}
\BOOKMARK [2][-]{section*.10}{Process Crypticity}{section*.7}
\BOOKMARK [1][-]{section*.11}{Alternative Presentations}{}
\BOOKMARK [2][-]{section*.12}{Time-Reversed Presentation}{section*.11}
\BOOKMARK [2][-]{section*.13}{Mixed-State Presentation}{section*.11}
\BOOKMARK [1][-]{section*.14}{Calculating Excess Entropy}{}
\BOOKMARK [1][-]{section*.15}{Calculational Example}{}
\BOOKMARK [1][-]{section*.16}{Examples}{}
\BOOKMARK [2][-]{section*.17}{Even Process}{section*.16}
\BOOKMARK [2][-]{section*.18}{Golden Mean Process}{section*.16}
\BOOKMARK [2][-]{section*.19}{Random Insertion Process}{section*.16}
\BOOKMARK [1][-]{section*.20}{Conclusions}{}
\BOOKMARK [1][-]{section*.21}{Acknowledgments}{}
\BOOKMARK [1][-]{section*.22}{Appendix: The Mixed-State Presentation is Sufficient to Calculate the Switching Maps}{}
\BOOKMARK [1][-]{section*.23}{References}{}
