\BOOKMARK [0][-]{abstract.0}{Abstract}{}
\BOOKMARK [0][-]{contents.0}{Table of Contents}{}
\BOOKMARK [0][-]{chapter.1}{Computational Mechanics}{}
\BOOKMARK [1][-]{section.1.1}{Philosophy}{chapter.1}
\BOOKMARK [2][-]{subsection.1.1.1}{-machine Prelude}{section.1.1}
\BOOKMARK [1][-]{section.1.2}{Our Domain: Processes}{chapter.1}
\BOOKMARK [1][-]{section.1.3}{-machines}{chapter.1}
\BOOKMARK [1][-]{section.1.4}{First Examples}{chapter.1}
\BOOKMARK [2][-]{subsection.1.4.1}{IID}{section.1.4}
\BOOKMARK [2][-]{subsection.1.4.2}{Entropy and Entropy Rate}{section.1.4}
\BOOKMARK [1][-]{section.1.5}{Statistical Complexity}{chapter.1}
\BOOKMARK [1][-]{section.1.6}{Excess Entropy}{chapter.1}
\BOOKMARK [1][-]{section.1.7}{Estimation of Excess Entropy}{chapter.1}
\BOOKMARK [2][-]{subsection.1.7.1}{Example of Sharp Convergence : Order-3 Markov}{section.1.7}
\BOOKMARK [2][-]{subsection.1.7.2}{Example of Slow Convergence : Even Process}{section.1.7}
\BOOKMARK [1][-]{section.1.8}{Crypticity and Cryptic Order}{chapter.1}
\BOOKMARK [2][-]{subsection.1.8.1}{Crypticity}{section.1.8}
\BOOKMARK [2][-]{subsection.1.8.2}{Cryptic Order}{section.1.8}
\BOOKMARK [0][-]{chapter.2}{Prediction, Retrodiction and the Amount of Information Stored in the Present}{}
\BOOKMARK [1][-]{section.2.1}{Introduction}{chapter.2}
\BOOKMARK [1][-]{section.2.2}{Retrodiction}{chapter.2}
\BOOKMARK [1][-]{section.2.3}{Excess Entropy from Causal States}{chapter.2}
\BOOKMARK [1][-]{section.2.4}{The Bidirectional Machine}{chapter.2}
\BOOKMARK [2][-]{subsection.2.4.1}{Upper Bounds}{section.2.4}
\BOOKMARK [2][-]{subsection.2.4.2}{Causal Irreversibility}{section.2.4}
\BOOKMARK [2][-]{subsection.2.4.3}{Process Crypticity}{section.2.4}
\BOOKMARK [1][-]{section.2.5}{Alternative Presentations}{chapter.2}
\BOOKMARK [2][-]{subsection.2.5.1}{Time-Reversed Presentation}{section.2.5}
\BOOKMARK [2][-]{subsection.2.5.2}{Mixed-State Presentation}{section.2.5}
\BOOKMARK [1][-]{section.2.6}{Calculating Excess Entropy}{chapter.2}
\BOOKMARK [1][-]{section.2.7}{Calculational Example}{chapter.2}
\BOOKMARK [1][-]{section.2.8}{Examples}{chapter.2}
\BOOKMARK [2][-]{subsection.2.8.1}{Even Process}{section.2.8}
\BOOKMARK [2][-]{subsection.2.8.2}{Golden Mean Process}{section.2.8}
\BOOKMARK [2][-]{subsection.2.8.3}{Random Insertion Process}{section.2.8}
\BOOKMARK [1][-]{section.2.9}{Conclusions}{chapter.2}
\BOOKMARK [0][-]{chapter.3}{Information Accessibility and Cryptic Processes}{}
\BOOKMARK [1][-]{section.3.1}{Introduction}{chapter.3}
\BOOKMARK [1][-]{section.3.2}{k-Crypticity}{chapter.3}
\BOOKMARK [2][-]{subsection.3.2.1}{The k-Cryptic Expansion}{section.3.2}
\BOOKMARK [2][-]{subsection.3.2.2}{Convergence}{section.3.2}
\BOOKMARK [2][-]{subsection.3.2.3}{Excess Entropy for k-Cryptic Processes}{section.3.2}
\BOOKMARK [2][-]{subsection.3.2.4}{Crypticity of Spin Chains}{section.3.2}
\BOOKMARK [1][-]{section.3.3}{Examples}{chapter.3}
\BOOKMARK [2][-]{subsection.3.3.1}{Even Process: 0-Cryptic}{section.3.3}
\BOOKMARK [2][-]{subsection.3.3.2}{Golden Mean Process: 1-Cryptic}{section.3.3}
\BOOKMARK [2][-]{subsection.3.3.3}{Butterfly Process: 2-Cryptic}{section.3.3}
\BOOKMARK [2][-]{subsection.3.3.4}{Restricted Golden Mean: k-Cryptic}{section.3.3}
\BOOKMARK [2][-]{subsection.3.3.5}{Stretched Golden Mean}{section.3.3}
\BOOKMARK [2][-]{subsection.3.3.6}{Nemo Process: -Cryptic}{section.3.3}
\BOOKMARK [1][-]{section.3.4}{Conclusion}{chapter.3}
\BOOKMARK [0][-]{chapter.4}{Information Accessibility and Cryptic Processes: Linear Combinations of Causal States}{}
\BOOKMARK [1][-]{section.4.1}{Introduction}{chapter.4}
\BOOKMARK [1][-]{section.4.2}{Butterfly Process}{chapter.4}
\BOOKMARK [1][-]{section.4.3}{Restricted Golden Mean Process}{chapter.4}
\BOOKMARK [1][-]{section.4.4}{Nemo Process}{chapter.4}
\BOOKMARK [1][-]{section.4.5}{Conclusion}{chapter.4}
\BOOKMARK [0][-]{appendix.A}{Commentary on information measures}{}
\BOOKMARK [1][-]{section.A.1}{Entropy rate for bicyclists}{appendix.A}
\BOOKMARK [1][-]{section.A.2}{Statistical Complexity for ...}{appendix.A}
\BOOKMARK [0][-]{appendix.B}{Venn Diagrams and Information Theory}{}
\BOOKMARK [1][-]{section.B.1}{Venn Diagrams and Information Theory}{appendix.B}
\BOOKMARK [1][-]{section.B.2}{How to read an I-diagram}{appendix.B}
\BOOKMARK [2][-]{subsection.B.2.1}{Stratification of a Composite Variable}{section.B.2}
\BOOKMARK [0][-]{appendix.C}{Proofs}{}
\BOOKMARK [1][-]{section.C.1}{Entropic Independence \040Probabilistic Independence}{appendix.C}
\BOOKMARK [0][-]{appendix.D}{Mixed-State Presentation is Sufficient to Calculate the Switching Maps}{}
\BOOKMARK [0][-]{section*.8}{Bibliography}{}
