This is pdfTeX, Version 3.1415926-1.40.10 (TeX Live 2009) (format=pdflatex 2009.11.7)  23 AUG 2010 20:22
entering extended mode
 %&-line parsing enabled.
**chapter1.tex
(./chapter1.tex
LaTeX2e <2009/09/24>
Babel <v3.8l> and hyphenation patterns for english, usenglishmax, dumylang, noh
yphenation, german-x-2009-06-19, ngerman-x-2009-06-19, ancientgreek, ibycus, ar
abic, basque, bulgarian, catalan, pinyin, coptic, croatian, czech, danish, dutc
h, esperanto, estonian, farsi, finnish, french, galician, german, ngerman, mono
greek, greek, hungarian, icelandic, indonesian, interlingua, irish, italian, ku
rmanji, latin, latvian, lithuanian, mongolian, mongolian2a, bokmal, nynorsk, po
lish, portuguese, romanian, russian, sanskrit, serbian, slovak, slovenian, span
ish, swedish, turkish, ukenglish, ukrainian, uppersorbian, welsh, loaded.
(../settings/autocompile.tex (../settings/phdsetup.tex
(/usr/local/texlive/2009/texmf-dist/tex/latex/base/report.cls
Document Class: report 2007/10/19 v1.4h Standard LaTeX document class
(/usr/local/texlive/2009/texmf-dist/tex/latex/base/size11.clo
File: size11.clo 2007/10/19 v1.4h Standard LaTeX file (size option)
)
\c@part=\count79
\c@chapter=\count80
\c@section=\count81
\c@subsection=\count82
\c@subsubsection=\count83
\c@paragraph=\count84
\c@subparagraph=\count85
\c@figure=\count86
\c@table=\count87
\abovecaptionskip=\skip41
\belowcaptionskip=\skip42
\bibindent=\dimen102
)
(/usr/local/texlive/2009/texmf-dist/tex/latex/tools/calc.sty
Package: calc 2007/08/22 v4.3 Infix arithmetic (KKT,FJ)
\calc@Acount=\count88
\calc@Bcount=\count89
\calc@Adimen=\dimen103
\calc@Bdimen=\dimen104
\calc@Askip=\skip43
\calc@Bskip=\skip44
LaTeX Info: Redefining \setlength on input line 76.
LaTeX Info: Redefining \addtolength on input line 77.
\calc@Ccount=\count90
\calc@Cskip=\skip45
)
(/usr/local/texlive/2009/texmf-dist/tex/latex/ltxmisc/breakcites.sty)
(/usr/local/texlive/2009/texmf-dist/tex/latex/ms/ragged2e.sty
Package: ragged2e 2009/05/21 v2.1 ragged2e Package (MS)

(/usr/local/texlive/2009/texmf-dist/tex/latex/ms/everysel.sty
Package: everysel 1999/06/08 v1.03 EverySelectfont Package (MS)
)
\CenteringLeftskip=\skip46
\RaggedLeftLeftskip=\skip47
\RaggedRightLeftskip=\skip48
\CenteringRightskip=\skip49
\RaggedLeftRightskip=\skip50
\RaggedRightRightskip=\skip51
\CenteringParfillskip=\skip52
\RaggedLeftParfillskip=\skip53
\RaggedRightParfillskip=\skip54
\JustifyingParfillskip=\skip55
\CenteringParindent=\skip56
\RaggedLeftParindent=\skip57
\RaggedRightParindent=\skip58
\JustifyingParindent=\skip59
)
(/usr/local/texlive/2009/texmf-dist/tex/latex/graphics/graphicx.sty
Package: graphicx 1999/02/16 v1.0f Enhanced LaTeX Graphics (DPC,SPQR)

(/usr/local/texlive/2009/texmf-dist/tex/latex/graphics/keyval.sty
Package: keyval 1999/03/16 v1.13 key=value parser (DPC)
\KV@toks@=\toks14
)
(/usr/local/texlive/2009/texmf-dist/tex/latex/graphics/graphics.sty
Package: graphics 2009/02/05 v1.0o Standard LaTeX Graphics (DPC,SPQR)

(/usr/local/texlive/2009/texmf-dist/tex/latex/graphics/trig.sty
Package: trig 1999/03/16 v1.09 sin cos tan (DPC)
)
(/usr/local/texlive/2009/texmf-dist/tex/latex/latexconfig/graphics.cfg
File: graphics.cfg 2009/08/28 v1.8 graphics configuration of TeX Live
)
Package graphics Info: Driver file: pdftex.def on input line 91.

(/usr/local/texlive/2009/texmf-dist/tex/latex/pdftex-def/pdftex.def
File: pdftex.def 2009/08/25 v0.04m Graphics/color for pdfTeX
\Gread@gobject=\count91
))
\Gin@req@height=\dimen105
\Gin@req@width=\dimen106
)
(/usr/local/texlive/2009/texmf-dist/tex/latex/oberdiek/epstopdf.sty
Package: epstopdf 2009/10/17 v2.4 Conversion with epstopdf on the fly (HO)

(/usr/local/texlive/2009/texmf-dist/tex/latex/oberdiek/epstopdf-base.sty
Package: epstopdf-base 2009/10/17 v2.4 Base part for package epstopdf

(/usr/local/texlive/2009/texmf-dist/tex/generic/oberdiek/infwarerr.sty
Package: infwarerr 2007/09/09 v1.2 Providing info/warning/message (HO)
)
(/usr/local/texlive/2009/texmf-dist/tex/latex/oberdiek/grfext.sty
Package: grfext 2007/09/30 v1.0 Managing graphics extensions (HO)
)
(/usr/local/texlive/2009/texmf-dist/tex/latex/oberdiek/kvoptions.sty
Package: kvoptions 2009/08/13 v3.4 Keyval support for LaTeX options (HO)

(/usr/local/texlive/2009/texmf-dist/tex/generic/oberdiek/kvsetkeys.sty
Package: kvsetkeys 2009/07/30 v1.5 Key value parser with default handler suppor
t (HO)

(/usr/local/texlive/2009/texmf-dist/tex/generic/oberdiek/etexcmds.sty
Package: etexcmds 2007/12/12 v1.2 Prefix for e-TeX command names (HO)
Package etexcmds Info: Could not find \expanded.
(etexcmds)             That can mean that you are not using pdfTeX 1.50 or
(etexcmds)             that some package has redefined \expanded.
(etexcmds)             In the latter case, load this package earlier.
)))
(/usr/local/texlive/2009/texmf-dist/tex/generic/oberdiek/pdftexcmds.sty
Package: pdftexcmds 2009/09/23 v0.6 LuaTeX support for pdfTeX utility functions
 (HO)

(/usr/local/texlive/2009/texmf-dist/tex/generic/oberdiek/ifluatex.sty
Package: ifluatex 2009/04/17 v1.2 Provides the ifluatex switch (HO)
Package ifluatex Info: LuaTeX not detected.
)
(/usr/local/texlive/2009/texmf-dist/tex/generic/oberdiek/ltxcmds.sty
Package: ltxcmds 2009/08/05 v1.0 Some LaTeX kernel commands for general use (HO
)
)
Package pdftexcmds Info: LuaTeX not detected.
Package pdftexcmds Info: \pdf@primitive is available.
Package pdftexcmds Info: \pdf@ifprimitive is available.
)

Package epstopdf Warning: Shell escape feature is not enabled.

Package grfext Info: Graphics extension search list:
(grfext)             [.png,.pdf,.jpg,.mps,.jpeg,.jbig2,.jb2,.PNG,.PDF,.JPG,.JPE
G,.JBIG2,.JB2,.eps]
(grfext)             \AppendGraphicsExtensions on input line 433.
(/usr/local/texlive/2009/texmf-dist/tex/latex/latexconfig/epstopdf-sys.cfg
File: epstopdf-sys.cfg 2009/10/26 v1.1 Configuration of epstopdf for TeX Live
)))
(/usr/local/texlive/2009/texmf-dist/tex/latex/pgf/frontendlayer/tikz.sty
(/usr/local/texlive/2009/texmf-dist/tex/latex/pgf/basiclayer/pgf.sty
(/usr/local/texlive/2009/texmf-dist/tex/latex/pgf/utilities/pgfrcs.sty
(/usr/local/texlive/2009/texmf-dist/tex/generic/pgf/utilities/pgfutil-common.te
x
\pgfutil@everybye=\toks15
)
(/usr/local/texlive/2009/texmf-dist/tex/generic/pgf/utilities/pgfutil-latex.def
) (/usr/local/texlive/2009/texmf-dist/tex/generic/pgf/utilities/pgfrcs.code.tex
Package: pgfrcs 2008/02/20 v2.00 (rcs-revision 1.21)
))
Package: pgf 2008/01/15 v2.00 (rcs-revision 1.12)
 (/usr/local/texlive/2009/texmf-dist/tex/latex/pgf/basiclayer/pgfcore.sty
(/usr/local/texlive/2009/texmf-dist/tex/latex/pgf/systemlayer/pgfsys.sty
(/usr/local/texlive/2009/texmf-dist/tex/generic/pgf/systemlayer/pgfsys.code.tex
Package: pgfsys 2008/02/07 v2.00 (rcs-revision 1.31)
(/usr/local/texlive/2009/texmf-dist/tex/generic/pgf/utilities/pgfkeys.code.tex
\pgfkeys@pathtoks=\toks16
\pgfkeys@temptoks=\toks17
)
\pgf@x=\dimen107
\pgf@y=\dimen108
\pgf@xa=\dimen109
\pgf@ya=\dimen110
\pgf@xb=\dimen111
\pgf@yb=\dimen112
\pgf@xc=\dimen113
\pgf@yc=\dimen114
\c@pgf@counta=\count92
\c@pgf@countb=\count93
\c@pgf@countc=\count94
\c@pgf@countd=\count95
(/usr/local/texlive/2009/texmf-dist/tex/generic/pgf/systemlayer/pgf.cfg
File: pgf.cfg 2008/01/13  (rcs-revision 1.6)
)
Package pgfsys Info: Driver file for pgf: pgfsys-pdftex.def on input line 885.

(/usr/local/texlive/2009/texmf-dist/tex/generic/pgf/systemlayer/pgfsys-pdftex.d
ef
File: pgfsys-pdftex.def 2007/12/20  (rcs-revision 1.20)

(/usr/local/texlive/2009/texmf-dist/tex/generic/pgf/systemlayer/pgfsys-common-p
df.def
File: pgfsys-common-pdf.def 2007/12/17  (rcs-revision 1.8)
)))
(/usr/local/texlive/2009/texmf-dist/tex/generic/pgf/systemlayer/pgfsyssoftpath.
code.tex
File: pgfsyssoftpath.code.tex 2008/01/23  (rcs-revision 1.6)
\pgfsyssoftpath@smallbuffer@items=\count96
\pgfsyssoftpath@bigbuffer@items=\count97
)
(/usr/local/texlive/2009/texmf-dist/tex/generic/pgf/systemlayer/pgfsysprotocol.
code.tex
File: pgfsysprotocol.code.tex 2006/10/16  (rcs-revision 1.4)
)) (/usr/local/texlive/2009/texmf-dist/tex/latex/xcolor/xcolor.sty
Package: xcolor 2007/01/21 v2.11 LaTeX color extensions (UK)

(/usr/local/texlive/2009/texmf-dist/tex/latex/latexconfig/color.cfg
File: color.cfg 2007/01/18 v1.5 color configuration of teTeX/TeXLive
)
Package xcolor Info: Driver file: pdftex.def on input line 225.
Package xcolor Info: Model `cmy' substituted by `cmy0' on input line 1337.
Package xcolor Info: Model `hsb' substituted by `rgb' on input line 1341.
Package xcolor Info: Model `RGB' extended on input line 1353.
Package xcolor Info: Model `HTML' substituted by `rgb' on input line 1355.
Package xcolor Info: Model `Hsb' substituted by `hsb' on input line 1356.
Package xcolor Info: Model `tHsb' substituted by `hsb' on input line 1357.
Package xcolor Info: Model `HSB' substituted by `hsb' on input line 1358.
Package xcolor Info: Model `Gray' substituted by `gray' on input line 1359.
Package xcolor Info: Model `wave' substituted by `hsb' on input line 1360.
)
(/usr/local/texlive/2009/texmf-dist/tex/generic/pgf/basiclayer/pgfcore.code.tex
Package: pgfcore 2008/01/15 v2.00 (rcs-revision 1.6)
(/usr/local/texlive/2009/texmf-dist/tex/generic/pgf/math/pgfmath.code.tex
(/usr/local/texlive/2009/texmf-dist/tex/generic/pgf/math/pgfmathcalc.code.tex
(/usr/local/texlive/2009/texmf-dist/tex/generic/pgf/math/pgfmathutil.code.tex
\pgfmath@box=\box26
)
(/usr/local/texlive/2009/texmf-dist/tex/generic/pgf/math/pgfmathparser.code.tex
\pgfmath@stack=\toks18
\c@pgfmath@parsecounta=\count98
\c@pgfmath@parsecountb=\count99
\c@pgfmath@parsecountc=\count100
\pgfmath@parsex=\dimen115
)
(/usr/local/texlive/2009/texmf-dist/tex/generic/pgf/math/pgfmathoperations.code
.tex
(/usr/local/texlive/2009/texmf-dist/tex/generic/pgf/math/pgfmathtrig.code.tex)
(/usr/local/texlive/2009/texmf-dist/tex/generic/pgf/math/pgfmathrnd.code.tex))
(/usr/local/texlive/2009/texmf-dist/tex/generic/pgf/math/pgfmathbase.code.tex))
)
(/usr/local/texlive/2009/texmf-dist/tex/generic/pgf/basiclayer/pgfcorepoints.co
de.tex
File: pgfcorepoints.code.tex 2008/02/03  (rcs-revision 1.13)
\pgf@picminx=\dimen116
\pgf@picmaxx=\dimen117
\pgf@picminy=\dimen118
\pgf@picmaxy=\dimen119
\pgf@pathminx=\dimen120
\pgf@pathmaxx=\dimen121
\pgf@pathminy=\dimen122
\pgf@pathmaxy=\dimen123
\pgf@xx=\dimen124
\pgf@xy=\dimen125
\pgf@yx=\dimen126
\pgf@yy=\dimen127
\pgf@zx=\dimen128
\pgf@zy=\dimen129
)
(/usr/local/texlive/2009/texmf-dist/tex/generic/pgf/basiclayer/pgfcorepathconst
ruct.code.tex
File: pgfcorepathconstruct.code.tex 2008/02/13  (rcs-revision 1.14)
\pgf@path@lastx=\dimen130
\pgf@path@lasty=\dimen131
)
(/usr/local/texlive/2009/texmf-dist/tex/generic/pgf/basiclayer/pgfcorepathusage
.code.tex
File: pgfcorepathusage.code.tex 2008/01/23  (rcs-revision 1.11)
\pgf@shorten@end@additional=\dimen132
\pgf@shorten@start@additional=\dimen133
)
(/usr/local/texlive/2009/texmf-dist/tex/generic/pgf/basiclayer/pgfcorescopes.co
de.tex
File: pgfcorescopes.code.tex 2008/01/15  (rcs-revision 1.26)
\pgfpic=\box27
\pgf@hbox=\box28
\pgf@layerbox@main=\box29
\pgf@picture@serial@count=\count101
)
(/usr/local/texlive/2009/texmf-dist/tex/generic/pgf/basiclayer/pgfcoregraphicst
ate.code.tex
File: pgfcoregraphicstate.code.tex 2007/12/12  (rcs-revision 1.8)
\pgflinewidth=\dimen134
)
(/usr/local/texlive/2009/texmf-dist/tex/generic/pgf/basiclayer/pgfcoretransform
ations.code.tex
File: pgfcoretransformations.code.tex 2008/02/04  (rcs-revision 1.10)
\pgf@pt@x=\dimen135
\pgf@pt@y=\dimen136
\pgf@pt@temp=\dimen137
)
(/usr/local/texlive/2009/texmf-dist/tex/generic/pgf/basiclayer/pgfcorequick.cod
e.tex
File: pgfcorequick.code.tex 2006/10/11  (rcs-revision 1.2)
)
(/usr/local/texlive/2009/texmf-dist/tex/generic/pgf/basiclayer/pgfcoreobjects.c
ode.tex
File: pgfcoreobjects.code.tex 2006/10/11  (rcs-revision 1.2)
)
(/usr/local/texlive/2009/texmf-dist/tex/generic/pgf/basiclayer/pgfcorepathproce
ssing.code.tex
File: pgfcorepathprocessing.code.tex 2008/01/23  (rcs-revision 1.7)
)
(/usr/local/texlive/2009/texmf-dist/tex/generic/pgf/basiclayer/pgfcorearrows.co
de.tex
File: pgfcorearrows.code.tex 2007/06/07  (rcs-revision 1.8)
)
(/usr/local/texlive/2009/texmf-dist/tex/generic/pgf/basiclayer/pgfcoreshade.cod
e.tex
File: pgfcoreshade.code.tex 2007/12/10  (rcs-revision 1.9)
\pgf@max=\dimen138
\pgf@sys@shading@range@num=\count102
)
(/usr/local/texlive/2009/texmf-dist/tex/generic/pgf/basiclayer/pgfcoreimage.cod
e.tex
File: pgfcoreimage.code.tex 2008/01/15  (rcs-revision 1.1)
\pgfexternal@startupbox=\box30
)
(/usr/local/texlive/2009/texmf-dist/tex/generic/pgf/basiclayer/pgfcorelayers.co
de.tex
File: pgfcorelayers.code.tex 2008/01/15  (rcs-revision 1.1)
)
(/usr/local/texlive/2009/texmf-dist/tex/generic/pgf/basiclayer/pgfcoretranspare
ncy.code.tex
File: pgfcoretransparency.code.tex 2008/01/17  (rcs-revision 1.2)
)
(/usr/local/texlive/2009/texmf-dist/tex/generic/pgf/basiclayer/pgfcorepatterns.
code.tex
File: pgfcorepatterns.code.tex 2008/01/15  (rcs-revision 1.1)
)))
(/usr/local/texlive/2009/texmf-dist/tex/generic/pgf/modules/pgfmoduleshapes.cod
e.tex
File: pgfmoduleshapes.code.tex 2008/02/13  (rcs-revision 1.4)
\pgfnodeparttextbox=\box31
\toks@savedmacro=\toks19
)
(/usr/local/texlive/2009/texmf-dist/tex/generic/pgf/modules/pgfmoduleplot.code.
tex
File: pgfmoduleplot.code.tex 2008/01/15  (rcs-revision 1.1)
\pgf@plotwrite=\write3
)
(/usr/local/texlive/2009/texmf-dist/tex/latex/pgf/compatibility/pgfcomp-version
-0-65.sty
Package: pgfcomp-version-0-65 2007/07/03 v2.00 (rcs-revision 1.7)
\pgf@nodesepstart=\dimen139
\pgf@nodesepend=\dimen140
)
(/usr/local/texlive/2009/texmf-dist/tex/latex/pgf/compatibility/pgfcomp-version
-1-18.sty
Package: pgfcomp-version-1-18 2007/07/23 v2.00 (rcs-revision 1.1)
))
(/usr/local/texlive/2009/texmf-dist/tex/latex/pgf/utilities/pgffor.sty
(/usr/local/texlive/2009/texmf-dist/tex/generic/pgf/utilities/pgffor.code.tex
Package: pgffor 2007/11/07 v2.00 (rcs-revision 1.8)
\pgffor@iter=\dimen141
\pgffor@skip=\dimen142
))
(/usr/local/texlive/2009/texmf-dist/tex/generic/pgf/frontendlayer/tikz/tikz.cod
e.tex
Package: tikz 2008/02/13 v2.00 (rcs-revision 1.27)

(/usr/local/texlive/2009/texmf-dist/tex/generic/pgf/libraries/pgflibraryplothan
dlers.code.tex
File: pgflibraryplothandlers.code.tex 2007/03/09 v2.00 (rcs-revision 1.9)
\pgf@plot@mark@count=\count103
\pgfplotmarksize=\dimen143
)
\tikz@lastx=\dimen144
\tikz@lasty=\dimen145
\tikz@lastxsaved=\dimen146
\tikz@lastysaved=\dimen147
\tikzleveldistance=\dimen148
\tikzsiblingdistance=\dimen149
\tikz@figbox=\box32
\tikz@tempbox=\box33
\tikztreelevel=\count104
\tikznumberofchildren=\count105
\tikznumberofcurrentchild=\count106
\tikz@fig@count=\count107

(/usr/local/texlive/2009/texmf-dist/tex/generic/pgf/modules/pgfmodulematrix.cod
e.tex
File: pgfmodulematrix.code.tex 2008/01/15  (rcs-revision 1.1)
\pgfmatrixcurrentrow=\count108
\pgfmatrixcurrentcolumn=\count109
\pgf@matrix@numberofcolumns=\count110
)
\tikz@expandcount=\count111

(/usr/local/texlive/2009/texmf-dist/tex/generic/pgf/frontendlayer/tikz/librarie
s/tikzlibrarytopaths.code.tex
File: tikzlibrarytopaths.code.tex 2008/01/09 v2.00 (rcs-revision 1.1)
)))
(/usr/local/texlive/2009/texmf-dist/tex/generic/pgf/frontendlayer/tikz/librarie
s/tikzlibrarypositioning.code.tex
File: tikzlibrarypositioning.code.tex 2008/02/12 v2.00 (rcs-revision 1.5)
)
(/usr/local/texlive/2009/texmf-dist/tex/generic/pgf/frontendlayer/tikz/librarie
s/tikzlibraryfit.code.tex
File: tikzlibraryfit.code.tex 2008/02/06 v2.00 (rcs-revision 1.2)
)
\pgf@layerbox@background layer=\box34
\pgf@layerboxsaved@background layer=\box35
\pgf@layerbox@foreground layer=\box36
\pgf@layerboxsaved@foreground layer=\box37

(/usr/local/texlive/2009/texmf-dist/tex/latex/amsmath/amsmath.sty
Package: amsmath 2000/07/18 v2.13 AMS math features
\@mathmargin=\skip60

For additional information on amsmath, use the `?' option.
(/usr/local/texlive/2009/texmf-dist/tex/latex/amsmath/amstext.sty
Package: amstext 2000/06/29 v2.01

(/usr/local/texlive/2009/texmf-dist/tex/latex/amsmath/amsgen.sty
File: amsgen.sty 1999/11/30 v2.0
\@emptytoks=\toks20
\ex@=\dimen150
))
(/usr/local/texlive/2009/texmf-dist/tex/latex/amsmath/amsbsy.sty
Package: amsbsy 1999/11/29 v1.2d
\pmbraise@=\dimen151
)
(/usr/local/texlive/2009/texmf-dist/tex/latex/amsmath/amsopn.sty
Package: amsopn 1999/12/14 v2.01 operator names
)
\inf@bad=\count112
LaTeX Info: Redefining \frac on input line 211.
\uproot@=\count113
\leftroot@=\count114
LaTeX Info: Redefining \overline on input line 307.
\classnum@=\count115
\DOTSCASE@=\count116
LaTeX Info: Redefining \ldots on input line 379.
LaTeX Info: Redefining \dots on input line 382.
LaTeX Info: Redefining \cdots on input line 467.
\Mathstrutbox@=\box38
\strutbox@=\box39
\big@size=\dimen152
LaTeX Font Info:    Redeclaring font encoding OML on input line 567.
LaTeX Font Info:    Redeclaring font encoding OMS on input line 568.
\macc@depth=\count117
\c@MaxMatrixCols=\count118
\dotsspace@=\muskip10
\c@parentequation=\count119
\dspbrk@lvl=\count120
\tag@help=\toks21
\row@=\count121
\column@=\count122
\maxfields@=\count123
\andhelp@=\toks22
\eqnshift@=\dimen153
\alignsep@=\dimen154
\tagshift@=\dimen155
\tagwidth@=\dimen156
\totwidth@=\dimen157
\lineht@=\dimen158
\@envbody=\toks23
\multlinegap=\skip61
\multlinetaggap=\skip62
\mathdisplay@stack=\toks24
LaTeX Info: Redefining \[ on input line 2666.
LaTeX Info: Redefining \] on input line 2667.
)
(/usr/local/texlive/2009/texmf-dist/tex/latex/mathdesign/mathdesign.sty
Package: mathdesign 2006/01/29 v1.55 Math Design Project

(/usr/local/texlive/2009/texmf-dist/tex/latex/base/ifthen.sty
Package: ifthen 2001/05/26 v1.1c Standard LaTeX ifthen package (DPC)
)
(/usr/local/texlive/2009/texmf-dist/tex/latex/mathdesign/mdput/mdput.cfg)
(/usr/local/texlive/2009/texmf-dist/tex/latex/mathdesign/mdput/mdput.sty
Package: mdput 2006/01/29 v1.55 adobe utopia + mdput (Math Design Project)

(/usr/local/texlive/2009/texmf-dist/tex/latex/mathdesign/mdfont.def
File: mdfont.def 2006/01/29 v1.55 (Math Design Project)
)
(/usr/local/texlive/2009/texmf-dist/tex/latex/mathdesign/mdsffont.def
File: mdsffont.def 2006/01/29 v1.55 (Math Design Project)
)
(/usr/local/texlive/2009/texmf-dist/tex/latex/mathdesign/mdttfont.def
File: mdttfont.def 2006/01/29 v1.55 (Math Design Project)
)
\symmdcal=\mathgroup4
LaTeX Font Info:    Overwriting symbol font `mdcal' in version `bold'
(Font)                  OMS/mdput/m/n --> OMS/mdput/b/n on input line 89.
\symmdscr=\mathgroup5
LaTeX Font Info:    Overwriting symbol font `mdscr' in version `bold'
(Font)                  OMS/mdput/m/n --> OMS/mdput/b/n on input line 95.
LaTeX Font Info:    Overwriting math alphabet `\mathfrak' in version `bold'
(Font)                  U/xmdeuf/m/n --> U/xmdeuf/b/n on input line 102.
LaTeX Font Info:    Try loading font information for OT1+mdput on input line 11
1.

(/usr/local/texlive/2009/texmf-dist/tex/latex/mathdesign/mdput/ot1mdput.fd
File: ot1mdput.fd 2006/01/29 Fontinst v1.928 font definitions for OT1/mdput.
)
LaTeX Font Info:    Font shape `OT1/mdput/m/n' will be
(Font)              scaled to size 10.07397pt on input line 111.
LaTeX Font Info:    Overwriting symbol font `operators' in version `normal'
(Font)                  OT1/cmr/m/n --> OT1/mdput/m/n on input line 114.
LaTeX Font Info:    Overwriting symbol font `letters' in version `normal'
(Font)                  OML/cmm/m/it --> OML/mdput/m/it on input line 115.
LaTeX Font Info:    Overwriting symbol font `symbols' in version `normal'
(Font)                  OMS/cmsy/m/n --> OMS/mdput/m/n on input line 116.
LaTeX Font Info:    Overwriting symbol font `largesymbols' in version `normal'
(Font)                  OMX/cmex/m/n --> OMX/mdput/m/n on input line 117.
LaTeX Font Info:    Overwriting symbol font `operators' in version `bold'
(Font)                  OT1/cmr/bx/n --> OT1/mdput/b/n on input line 119.
LaTeX Font Info:    Overwriting symbol font `letters' in version `bold'
(Font)                  OML/cmm/b/it --> OML/mdput/b/it on input line 120.
LaTeX Font Info:    Overwriting symbol font `symbols' in version `bold'
(Font)                  OMS/cmsy/b/n --> OMS/mdput/b/n on input line 121.
LaTeX Font Info:    Overwriting symbol font `largesymbols' in version `bold'
(Font)                  OMX/cmex/m/n --> OMX/mdput/b/n on input line 122.
LaTeX Font Info:    Overwriting math alphabet `\mathrm' in version `normal'
(Font)                  OT1/mdput/m/n --> OT1/mdput/m/n on input line 124.
LaTeX Font Info:    Overwriting math alphabet `\mathbf' in version `normal'
(Font)                  OT1/cmr/bx/n --> OT1/mdput/b/n on input line 125.
LaTeX Font Info:    Overwriting math alphabet `\mathit' in version `normal'
(Font)                  OT1/cmr/m/it --> OT1/mdput/m/it on input line 126.
LaTeX Font Info:    Overwriting math alphabet `\mathsf' in version `normal'
(Font)                  OT1/cmss/m/n --> OT1/cmss/m/n on input line 127.
LaTeX Font Info:    Overwriting math alphabet `\mathtt' in version `normal'
(Font)                  OT1/cmtt/m/n --> OT1/cmtt/m/n on input line 128.
LaTeX Font Info:    Overwriting math alphabet `\mathcal' in version `normal'
(Font)                  OMS/mdput/m/n --> OMS/mdput/m/n on input line 132.
LaTeX Font Info:    Overwriting math alphabet `\mathrm' in version `bold'
(Font)                  OT1/mdput/b/n --> OT1/mdput/b/n on input line 137.
LaTeX Font Info:    Overwriting math alphabet `\mathbf' in version `bold'
(Font)                  OT1/cmr/bx/n --> OT1/mdput/b/n on input line 138.
LaTeX Font Info:    Overwriting math alphabet `\mathit' in version `bold'
(Font)                  OT1/cmr/bx/it --> OT1/mdput/b/it on input line 139.
LaTeX Font Info:    Overwriting math alphabet `\mathsf' in version `bold'
(Font)                  OT1/cmss/bx/n --> OT1/cmss/b/n on input line 140.
LaTeX Font Info:    Overwriting math alphabet `\mathtt' in version `bold'
(Font)                  OT1/cmtt/m/n --> OT1/cmtt/b/n on input line 141.
LaTeX Font Info:    Redeclaring math accent \widetilde on input line 153.
LaTeX Font Info:    Redeclaring math accent \widehat on input line 154.
\symlettersupright=\mathgroup6
LaTeX Font Info:    Overwriting symbol font `lettersupright' in version `bold'
(Font)                  OML/mdput/m/n --> OML/mdput/b/n on input line 190.
LaTeX Font Info:    Redeclaring math alphabet \mathrm on input line 193.
\symmathdesignA=\mathgroup7
LaTeX Font Info:    Overwriting symbol font `mathdesignA' in version `bold'
(Font)                  MDA/mdput/m/n --> MDA/mdput/b/n on input line 382.
LaTeX Font Info:    Redeclaring math accent \widetilde on input line 421.
LaTeX Font Info:    Redeclaring math accent \widehat on input line 422.
\symmathdesignB=\mathgroup8
LaTeX Font Info:    Overwriting symbol font `mathdesignB' in version `bold'
(Font)                  MDB/mdput/m/n --> MDB/mdput/b/n on input line 685.
)
(/usr/local/texlive/2009/texmf-dist/tex/latex/base/fontenc.sty
Package: fontenc 2005/09/27 v1.99g Standard LaTeX package

(/usr/local/texlive/2009/texmf-dist/tex/latex/base/t1enc.def
File: t1enc.def 2005/09/27 v1.99g Standard LaTeX file
LaTeX Font Info:    Redeclaring font encoding T1 on input line 43.
)
LaTeX Font Info:    Try loading font information for T1+mdput on input line 100
.

(/usr/local/texlive/2009/texmf-dist/tex/latex/mathdesign/mdput/t1mdput.fd
File: t1mdput.fd 2006/01/29 Fontinst v1.928 font definitions for T1/mdput.
)
LaTeX Font Info:    Font shape `T1/mdput/m/n' will be
(Font)              scaled to size 10.07397pt on input line 100.
))
\sympazomath=\mathgroup9
LaTeX Font Info:    Redeclaring math alphabet \mathcal on input line 71.
LaTeX Font Info:    Overwriting math alphabet `\mathcal' in version `bold'
(Font)                  OMS/zplm/m/n --> OMS/zplm/b/n on input line 72.
LaTeX Font Info:    Overwriting symbol font `largesymbols' in version `normal'
(Font)                  OMX/mdput/m/n --> OMX/zplm/m/n on input line 74.
LaTeX Font Info:    Overwriting symbol font `largesymbols' in version `bold'
(Font)                  OMX/mdput/b/n --> OMX/zplm/m/n on input line 75.
LaTeX Font Info:    Overwriting symbol font `symbols' in version `normal'
(Font)                  OMS/mdput/m/n --> OMS/zplm/m/n on input line 76.
LaTeX Font Info:    Overwriting symbol font `symbols' in version `bold'
(Font)                  OMS/mdput/b/n --> OMS/zplm/b/n on input line 77.

(/usr/local/texlive/2009/texmf-dist/tex/latex/geometry/geometry.sty
Package: geometry 2008/12/21 v4.2 Page Geometry

(/usr/local/texlive/2009/texmf-dist/tex/generic/oberdiek/ifpdf.sty
Package: ifpdf 2009/04/10 v2.0 Provides the ifpdf switch (HO)
Package ifpdf Info: pdfTeX in pdf mode detected.
)
(/usr/local/texlive/2009/texmf-dist/tex/generic/oberdiek/ifvtex.sty
Package: ifvtex 2008/11/04 v1.4 Switches for detecting VTeX and its modes (HO)
Package ifvtex Info: VTeX not detected.
)
\Gm@cnth=\count124
\Gm@cntv=\count125
\c@Gm@tempcnt=\count126
\Gm@bindingoffset=\dimen159
\Gm@wd@mp=\dimen160
\Gm@odd@mp=\dimen161
\Gm@even@mp=\dimen162
\Gm@dimlist=\toks25

(/usr/local/texlive/2009/texmf-dist/tex/xelatex/xetexconfig/geometry.cfg))
(/usr/local/texlive/2009/texmf-dist/tex/latex/hyperref/hyperref.sty
Package: hyperref 2009/10/09 v6.79a Hypertext links for LaTeX

(/usr/local/texlive/2009/texmf-dist/tex/generic/ifxetex/ifxetex.sty
Package: ifxetex 2009/01/23 v0.5 Provides ifxetex conditional
)
(/usr/local/texlive/2009/texmf-dist/tex/latex/oberdiek/hycolor.sty
Package: hycolor 2009/10/02 v1.5 Code for color options of hyperref/bookmark (H
O)

(/usr/local/texlive/2009/texmf-dist/tex/latex/oberdiek/xcolor-patch.sty
Package: xcolor-patch 2009/10/02 xcolor patch
))
\@linkdim=\dimen163
\Hy@linkcounter=\count127
\Hy@pagecounter=\count128

(/usr/local/texlive/2009/texmf-dist/tex/latex/hyperref/pd1enc.def
File: pd1enc.def 2009/10/09 v6.79a Hyperref: PDFDocEncoding definition (HO)
)
(/usr/local/texlive/2009/texmf-dist/tex/latex/latexconfig/hyperref.cfg
File: hyperref.cfg 2002/06/06 v1.2 hyperref configuration of TeXLive
)
Package hyperref Info: Option `final' set `true' on input line 2864.
Package hyperref Info: Hyper figures OFF on input line 2975.
Package hyperref Info: Link nesting OFF on input line 2980.
Package hyperref Info: Hyper index ON on input line 2983.
Package hyperref Info: Plain pages OFF on input line 2990.
Package hyperref Info: Backreferencing OFF on input line 2995.

Implicit mode ON; LaTeX internals redefined
Package hyperref Info: Bookmarks ON on input line 3191.
(/usr/local/texlive/2009/texmf-dist/tex/latex/ltxmisc/url.sty
\Urlmuskip=\muskip11
Package: url 2006/04/12  ver 3.3  Verb mode for urls, etc.
)
LaTeX Info: Redefining \url on input line 3428.

(/usr/local/texlive/2009/texmf-dist/tex/generic/oberdiek/bitset.sty
Package: bitset 2007/09/28 v1.0 Data type bit set (HO)

(/usr/local/texlive/2009/texmf-dist/tex/generic/oberdiek/intcalc.sty
Package: intcalc 2007/09/27 v1.1 Expandable integer calculations (HO)
)
(/usr/local/texlive/2009/texmf-dist/tex/generic/oberdiek/bigintcalc.sty
Package: bigintcalc 2007/11/11 v1.1 Expandable big integer calculations (HO)
))
\Fld@menulength=\count129
\Field@Width=\dimen164
\Fld@charsize=\dimen165
\Field@toks=\toks26
Package hyperref Info: Hyper figures OFF on input line 4377.
Package hyperref Info: Link nesting OFF on input line 4382.
Package hyperref Info: Hyper index ON on input line 4385.
Package hyperref Info: backreferencing OFF on input line 4392.
Package hyperref Info: Link coloring OFF on input line 4397.
Package hyperref Info: Link coloring with OCG OFF on input line 4402.
Package hyperref Info: PDF/A mode OFF on input line 4407.

(/usr/local/texlive/2009/texmf-dist/tex/generic/oberdiek/atbegshi.sty
Package: atbegshi 2008/07/31 v1.9 At begin shipout hook (HO)
)
\Hy@abspage=\count130
\c@Item=\count131
\c@Hfootnote=\count132
)
*hyperref using default driver hpdftex*
(/usr/local/texlive/2009/texmf-dist/tex/latex/hyperref/hpdftex.def
File: hpdftex.def 2009/10/09 v6.79a Hyperref driver for pdfTeX
\Fld@listcount=\count133
)
Package hyperref Info: Option `breaklinks' set `true' on input line 95.
Package hyperref Info: Option `colorlinks' set `true' on input line 96.
Package hyperref Info: Option `linktocpage' set `false' on input line 97.
Package hyperref Info: Option `plainpages' set `false' on input line 101.
Package hyperref Info: Option `pageanchor' set `true' on input line 102.

(/usr/local/texlive/2009/texmf-dist/tex/latex/microtype/microtype.sty
Package: microtype 2009/03/27 v2.3d Micro-typography with pdfTeX (RS)
\MT@toks=\toks27
\MT@count=\count134
LaTeX Info: Redefining \lsstyle on input line 1608.
LaTeX Info: Redefining \lslig on input line 1608.
\MT@outer@space=\skip63
LaTeX Info: Redefining \textls on input line 1616.
\MT@outer@kern=\dimen166
LaTeX Info: Redefining \textmicrotypecontext on input line 2167.
Package microtype Info: Loading configuration file microtype.cfg.

(/usr/local/texlive/2009/texmf-dist/tex/latex/microtype/microtype.cfg
File: microtype.cfg 2009/03/27 v2.3d microtype main configuration file (RS)
))
(/usr/local/texlive/2009/texmf-dist/tex/latex/setspace/setspace.sty
Package: setspace 2000/12/01 6.7 Contributed and Supported LaTeX2e package

Package: `setspace' 6.7 <2000/12/01>
) (/usr/local/texlive/2009/texmf-dist/tex/latex/booktabs/booktabs.sty
Package: booktabs 2005/04/14 v1.61803 publication quality tables
\heavyrulewidth=\dimen167
\lightrulewidth=\dimen168
\cmidrulewidth=\dimen169
\belowrulesep=\dimen170
\belowbottomsep=\dimen171
\aboverulesep=\dimen172
\abovetopsep=\dimen173
\cmidrulesep=\dimen174
\cmidrulekern=\dimen175
\defaultaddspace=\dimen176
\@cmidla=\count135
\@cmidlb=\count136
\@aboverulesep=\dimen177
\@belowrulesep=\dimen178
\@thisruleclass=\count137
\@lastruleclass=\count138
\@thisrulewidth=\dimen179
)
(/usr/local/texlive/2009/texmf-dist/tex/latex/titlesec/titlesec.sty
Package: titlesec 2007/08/12 v2.8 Sectioning titles
\ttl@box=\box40
\beforetitleunit=\skip64
\aftertitleunit=\skip65
\ttl@plus=\dimen180
\ttl@minus=\dimen181
\ttl@toksa=\toks28
\titlewidth=\dimen182
\titlewidthlast=\dimen183
\titlewidthfirst=\dimen184
)
(/usr/local/texlive/2009/texmf-dist/tex/latex/fancyhdr/fancyhdr.sty
\fancy@headwidth=\skip66
\f@ncyO@elh=\skip67
\f@ncyO@erh=\skip68
\f@ncyO@olh=\skip69
\f@ncyO@orh=\skip70
\f@ncyO@elf=\skip71
\f@ncyO@erf=\skip72
\f@ncyO@olf=\skip73
\f@ncyO@orf=\skip74
)
(../includes/cmechabbrev.tex)
(/usr/local/texlive/2009/texmf-dist/tex/latex/amscls/amsthm.sty
Package: amsthm 2004/08/06 v2.20
\thm@style=\toks29
\thm@bodyfont=\toks30
\thm@headfont=\toks31
\thm@notefont=\toks32
\thm@headpunct=\toks33
\thm@preskip=\skip75
\thm@postskip=\skip76
\thm@headsep=\skip77
\dth@everypar=\toks34
)
(/usr/local/texlive/2009/texmf-dist/tex/latex/amsmath/amscd.sty
Package: amscd 1999/11/29 v1.2d
\athelp@=\toks35
\minaw@=\dimen185
\bigaw@=\dimen186
\minCDarrowwidth=\dimen187
)
\c@Lem=\count139
\c@Cor=\count140
\c@The=\count141
\c@Prop=\count142
)
(./chapter1.aux

LaTeX Warning: Label `shield' multiply defined.

)
\openout1 = `chapter1.aux'.

LaTeX Font Info:    Checking defaults for OML/cmm/m/it on input line 13.
LaTeX Font Info:    ... okay on input line 13.
LaTeX Font Info:    Checking defaults for T1/cmr/m/n on input line 13.
LaTeX Font Info:    ... okay on input line 13.
LaTeX Font Info:    Checking defaults for OT1/cmr/m/n on input line 13.
LaTeX Font Info:    ... okay on input line 13.
LaTeX Font Info:    Checking defaults for OMS/cmsy/m/n on input line 13.
LaTeX Font Info:    ... okay on input line 13.
LaTeX Font Info:    Checking defaults for OMX/cmex/m/n on input line 13.
LaTeX Font Info:    ... okay on input line 13.
LaTeX Font Info:    Checking defaults for U/cmr/m/n on input line 13.
LaTeX Font Info:    ... okay on input line 13.
LaTeX Font Info:    Checking defaults for MDA/cmr/m/n on input line 13.
LaTeX Font Info:    Try loading font information for MDA+cmr on input line 13.
 (/usr/local/texlive/2009/texmf-dist/tex/latex/mathdesign/mdacmr.fd
File: mdacmr.fd 
)
LaTeX Font Info:    ... okay on input line 13.
LaTeX Font Info:    Checking defaults for MDB/cmr/m/n on input line 13.
LaTeX Font Info:    Try loading font information for MDB+cmr on input line 13.

(/usr/local/texlive/2009/texmf-dist/tex/latex/mathdesign/mdbcmr.fd
File: mdbcmr.fd 
)
LaTeX Font Info:    ... okay on input line 13.
LaTeX Font Info:    Checking defaults for PD1/pdf/m/n on input line 13.
LaTeX Font Info:    ... okay on input line 13.
LaTeX Info: Redefining \selectfont on input line 13.

(/usr/local/texlive/2009/texmf-dist/tex/context/base/supp-pdf.mkii
[Loading MPS to PDF converter (version 2006.09.02).]
\scratchcounter=\count143
\scratchdimen=\dimen188
\scratchbox=\box41
\nofMPsegments=\count144
\nofMParguments=\count145
\everyMPshowfont=\toks36
\MPscratchCnt=\count146
\MPscratchDim=\dimen189
\MPnumerator=\count147
\everyMPtoPDFconversion=\toks37
)
*geometry auto-detecting driver*
*geometry detected driver: pdftex*
-------------------- Geometry parameters
paper: letterpaper
landscape: --
twocolumn: --
twoside: --
asymmetric: --
h-parts: 108.405pt, 433.62001pt, 72.26999pt
v-parts: 72.26999pt, 650.43001pt, 72.26999pt
hmarginratio: --
vmarginratio: --
lines: --
heightrounded: --
bindingoffset: 0.0pt
truedimen: --
includehead: --
includefoot: --
includemp: --
driver: pdftex
-------------------- Page layout dimensions and switches
\paperwidth  614.295pt
\paperheight 794.96999pt
\textwidth  433.62001pt
\textheight 650.43001pt
\oddsidemargin  36.13501pt
\evensidemargin 36.13501pt
\topmargin  -37.0pt
\headheight 22.00475pt
\headsep    14.13025pt
\footskip   36.135pt
\marginparwidth 59.0pt
\marginparsep   10.0pt
\columnsep  10.0pt
\skip\footins  10.0pt plus 4.0pt minus 2.0pt
\hoffset 0.0pt
\voffset 0.0pt
\mag 1000

(1in=72.27pt, 1cm=28.45pt)
-----------------------
Package hyperref Info: Link coloring ON on input line 13.
(/usr/local/texlive/2009/texmf-dist/tex/latex/hyperref/nameref.sty
Package: nameref 2007/05/29 v2.31 Cross-referencing by name of section

(/usr/local/texlive/2009/texmf-dist/tex/latex/oberdiek/refcount.sty
Package: refcount 2008/08/11 v3.1 Data extraction from references (HO)
)
\c@section@level=\count148
)
LaTeX Info: Redefining \ref on input line 13.
LaTeX Info: Redefining \pageref on input line 13.

(./chapter1.out) (./chapter1.out)
\@outlinefile=\write4
\openout4 = `chapter1.out'.

\AtBeginShipoutBox=\box42
LaTeX Info: Redefining \microtypecontext on input line 13.
Package microtype Info: Generating PDF output.
Package microtype Info: Character protrusion enabled (level 1).
Package microtype Info: Using default protrusion set `alltext'.
Package microtype Info: No font expansion.
Package microtype Info: No tracking.
Package microtype Info: No adjustment of interword spacing.
Package microtype Info: No adjustment of character kerning.
)
Chapter 1.
LaTeX Font Info:    Font shape `T1/mdput/bx/n' in size <10.95> not available
(Font)              Font shape `T1/mdput/b/n' tried instead on input line 4.
LaTeX Font Info:    Font shape `T1/mdput/b/n' will be
(Font)              scaled to size 10.07397pt on input line 4.
LaTeX Font Info:    Font shape `T1/mdput/bx/n' in size <20.74> not available
(Font)              Font shape `T1/mdput/b/n' tried instead on input line 4.
LaTeX Font Info:    Font shape `T1/mdput/b/n' will be
(Font)              scaled to size 19.08076pt on input line 4.
LaTeX Font Info:    Font shape `T1/mdput/bx/fsc' in size <20.74> not available
(Font)              Font shape `T1/mdput/b/fsc' tried instead on input line 4.
LaTeX Font Info:    Font shape `T1/mdput/b/fsc' will be
(Font)              scaled to size 19.08076pt on input line 4.
LaTeX Font Info:    Font shape `T1/mdput/bx/fsc' in size <17.28> not available
(Font)              Font shape `T1/mdput/b/fsc' tried instead on input line 4.
LaTeX Font Info:    Font shape `T1/mdput/b/fsc' will be
(Font)              scaled to size 15.89755pt on input line 4.
LaTeX Font Info:    Font shape `OT1/mdput/m/n' will be
(Font)              scaled to size 7.35999pt on input line 9.
LaTeX Font Info:    Font shape `OT1/mdput/m/n' will be
(Font)              scaled to size 5.51999pt on input line 9.
LaTeX Font Info:    Try loading font information for OML+mdput on input line 9.

(/usr/local/texlive/2009/texmf-dist/tex/latex/mathdesign/mdput/omlmdput.fd
File: omlmdput.fd 2006/01/29 Fontinst v1.928 font definitions for OML/mdput.
)
LaTeX Font Info:    Font shape `OML/mdput/m/it' will be
(Font)              scaled to size 10.07397pt on input line 9.
LaTeX Font Info:    Font shape `OML/mdput/m/it' will be
(Font)              scaled to size 7.35999pt on input line 9.
LaTeX Font Info:    Font shape `OML/mdput/m/it' will be
(Font)              scaled to size 5.51999pt on input line 9.
LaTeX Font Info:    Try loading font information for OMS+zplm on input line 9.

(/usr/local/texlive/2009/texmf-dist/tex/latex/psnfss/omszplm.fd
File: omszplm.fd 2002/09/08 Fontinst v1.914 font definitions for OMS/zplm.
)
LaTeX Font Info:    Try loading font information for OMX+zplm on input line 9.

(/usr/local/texlive/2009/texmf-dist/tex/latex/psnfss/omxzplm.fd
File: omxzplm.fd 2002/09/08 Fontinst v1.914 font definitions for OMX/zplm.
)
LaTeX Font Info:    Try loading font information for OMS+mdput on input line 9.


(/usr/local/texlive/2009/texmf-dist/tex/latex/mathdesign/mdput/omsmdput.fd
File: omsmdput.fd 2006/01/29 Fontinst v1.928 font definitions for OMS/mdput.
)
LaTeX Font Info:    Font shape `OMS/mdput/m/n' will be
(Font)              scaled to size 10.07397pt on input line 9.
LaTeX Font Info:    Font shape `OMS/mdput/m/n' will be
(Font)              scaled to size 7.35999pt on input line 9.
LaTeX Font Info:    Font shape `OMS/mdput/m/n' will be
(Font)              scaled to size 5.51999pt on input line 9.
LaTeX Font Info:    Font shape `OML/mdput/m/n' will be
(Font)              scaled to size 10.07397pt on input line 9.
LaTeX Font Info:    Font shape `OML/mdput/m/n' will be
(Font)              scaled to size 7.35999pt on input line 9.
LaTeX Font Info:    Font shape `OML/mdput/m/n' will be
(Font)              scaled to size 5.51999pt on input line 9.
LaTeX Font Info:    Try loading font information for MDA+mdput on input line 9.


(/usr/local/texlive/2009/texmf-dist/tex/latex/mathdesign/mdput/mdamdput.fd
File: mdamdput.fd 2006/01/29 Fontinst v1.928 font definitions for MDA/mdput.
)
LaTeX Font Info:    Font shape `MDA/mdput/m/n' will be
(Font)              scaled to size 10.07397pt on input line 9.
LaTeX Font Info:    Font shape `MDA/mdput/m/n' will be
(Font)              scaled to size 7.35999pt on input line 9.
LaTeX Font Info:    Font shape `MDA/mdput/m/n' will be
(Font)              scaled to size 5.51999pt on input line 9.
LaTeX Font Info:    Try loading font information for MDB+mdput on input line 9.


(/usr/local/texlive/2009/texmf-dist/tex/latex/mathdesign/mdput/mdbmdput.fd
File: mdbmdput.fd 2006/01/29 Fontinst v1.928 font definitions for MDB/mdput.
)
LaTeX Font Info:    Font shape `MDB/mdput/m/n' will be
(Font)              scaled to size 10.07397pt on input line 9.
LaTeX Font Info:    Font shape `MDB/mdput/m/n' will be
(Font)              scaled to size 7.35999pt on input line 9.
LaTeX Font Info:    Font shape `MDB/mdput/m/n' will be
(Font)              scaled to size 5.51999pt on input line 9.
LaTeX Font Info:    Font shape `T1/mdput/m/n' will be
(Font)              scaled to size 7.35999pt on input line 9.
LaTeX Font Info:    Font shape `T1/mdput/m/n' will be
(Font)              scaled to size 8.27998pt on input line 9.
LaTeX Font Info:    Font shape `OT1/mdput/m/n' will be
(Font)              scaled to size 8.27998pt on input line 9.
LaTeX Font Info:    Font shape `OT1/mdput/m/n' will be
(Font)              scaled to size 4.59999pt on input line 9.
LaTeX Font Info:    Font shape `OML/mdput/m/it' will be
(Font)              scaled to size 8.27998pt on input line 9.
LaTeX Font Info:    Font shape `OML/mdput/m/it' will be
(Font)              scaled to size 4.59999pt on input line 9.
LaTeX Font Info:    Font shape `OMS/mdput/m/n' will be
(Font)              scaled to size 8.27998pt on input line 9.
LaTeX Font Info:    Font shape `OMS/mdput/m/n' will be
(Font)              scaled to size 4.59999pt on input line 9.
LaTeX Font Info:    Font shape `OML/mdput/m/n' will be
(Font)              scaled to size 8.27998pt on input line 9.
LaTeX Font Info:    Font shape `OML/mdput/m/n' will be
(Font)              scaled to size 4.59999pt on input line 9.
LaTeX Font Info:    Font shape `MDA/mdput/m/n' will be
(Font)              scaled to size 8.27998pt on input line 9.
LaTeX Font Info:    Font shape `MDA/mdput/m/n' will be
(Font)              scaled to size 4.59999pt on input line 9.
LaTeX Font Info:    Font shape `MDB/mdput/m/n' will be
(Font)              scaled to size 8.27998pt on input line 9.
LaTeX Font Info:    Font shape `MDB/mdput/m/n' will be
(Font)              scaled to size 4.59999pt on input line 9.
LaTeX Font Info:    Font shape `T1/mdput/m/n' will be
(Font)              scaled to size 5.51999pt on input line 9.
LaTeX Font Info:    Font shape `T1/mdput/m/n' will be
(Font)              scaled to size 15.89755pt on input line 12.
LaTeX Font Info:    Font shape `T1/mdput/bx/n' in size <9> not available
(Font)              Font shape `T1/mdput/b/n' tried instead on input line 14.
LaTeX Font Info:    Font shape `T1/mdput/b/n' will be
(Font)              scaled to size 8.27998pt on input line 14.
LaTeX Font Info:    Font shape `T1/mdput/m/it' will be
(Font)              scaled to size 10.07397pt on input line 16.

Underfull \hbox (badness 10000) has occurred while \output is active
 [] 
 []


Underfull \hbox (badness 10000) has occurred while \output is active
 []$[]$|
 []


Underfull \hbox (badness 10000) has occurred while \output is active
 [] 
 []


Underfull \hbox (badness 10000) has occurred while \output is active
 []
 []

[1{/usr/local/texlive/2009/texmf-var/fonts/map/pdftex/updmap/pdftex.map}


]
LaTeX Font Info:    Font shape `T1/mdput/m/n' will be
(Font)              scaled to size 13.24796pt on input line 20.
LaTeX Font Info:    Font shape `OT1/mdput/m/n' will be
(Font)              scaled to size 13.24796pt on input line 20.
LaTeX Font Info:    Font shape `OT1/mdput/m/n' will be
(Font)              scaled to size 9.19998pt on input line 20.
LaTeX Font Info:    Font shape `OT1/mdput/m/n' will be
(Font)              scaled to size 6.43999pt on input line 20.
LaTeX Font Info:    Font shape `OML/mdput/m/it' will be
(Font)              scaled to size 13.24796pt on input line 20.
LaTeX Font Info:    Font shape `OML/mdput/m/it' will be
(Font)              scaled to size 9.19998pt on input line 20.
LaTeX Font Info:    Font shape `OML/mdput/m/it' will be
(Font)              scaled to size 6.43999pt on input line 20.
LaTeX Font Info:    Font shape `OMS/mdput/m/n' will be
(Font)              scaled to size 13.24796pt on input line 20.
LaTeX Font Info:    Font shape `OMS/mdput/m/n' will be
(Font)              scaled to size 9.19998pt on input line 20.
LaTeX Font Info:    Font shape `OMS/mdput/m/n' will be
(Font)              scaled to size 6.43999pt on input line 20.
LaTeX Font Info:    Font shape `OML/mdput/m/n' will be
(Font)              scaled to size 13.24796pt on input line 20.
LaTeX Font Info:    Font shape `OML/mdput/m/n' will be
(Font)              scaled to size 9.19998pt on input line 20.
LaTeX Font Info:    Font shape `OML/mdput/m/n' will be
(Font)              scaled to size 6.43999pt on input line 20.
LaTeX Font Info:    Font shape `MDA/mdput/m/n' will be
(Font)              scaled to size 13.24796pt on input line 20.
LaTeX Font Info:    Font shape `MDA/mdput/m/n' will be
(Font)              scaled to size 9.19998pt on input line 20.
LaTeX Font Info:    Font shape `MDA/mdput/m/n' will be
(Font)              scaled to size 6.43999pt on input line 20.
LaTeX Font Info:    Font shape `MDB/mdput/m/n' will be
(Font)              scaled to size 13.24796pt on input line 20.
LaTeX Font Info:    Font shape `MDB/mdput/m/n' will be
(Font)              scaled to size 9.19998pt on input line 20.
LaTeX Font Info:    Font shape `MDB/mdput/m/n' will be
(Font)              scaled to size 6.43999pt on input line 20.


Package hyperref Warning: Token not allowed in a PDF string (PDFDocEncoding):
(hyperref)                removing `math shift' on input line 20.


Package hyperref Warning: Token not allowed in a PDF string (PDFDocEncoding):
(hyperref)                removing `\epsilon' on input line 20.


Package hyperref Warning: Token not allowed in a PDF string (PDFDocEncoding):
(hyperref)                removing `math shift' on input line 20.


Underfull \hbox (badness 10000) has occurred while \output is active
 [] 
 []


Underfull \hbox (badness 10000) has occurred while \output is active
 []$[]$|
 []


Underfull \hbox (badness 10000) has occurred while \output is active
 [] 
 []


Underfull \hbox (badness 10000) has occurred while \output is active
 []
 []

[2]
Overfull \hbox (5.08662pt too wide) in paragraph at lines 30--31
[]\T1/mdput/m/n/10.95 In this work, we fo-cus on discrete-time, finite-alphabet
 sta-tion-ary stochas-tic pro-cesses. These
 []


Underfull \hbox (badness 10000) has occurred while \output is active
 [] 
 []


Underfull \hbox (badness 10000) has occurred while \output is active
 []$[]$|
 []


Underfull \hbox (badness 10000) has occurred while \output is active
 [] 
 []


Underfull \hbox (badness 10000) has occurred while \output is active
 []
 []

[3]
LaTeX Font Info:    Font shape `OT1/mdput/m/n' will be
(Font)              scaled to size 15.89755pt on input line 75.
LaTeX Font Info:    Font shape `OT1/mdput/m/n' will be
(Font)              scaled to size 11.03998pt on input line 75.
LaTeX Font Info:    Font shape `OML/mdput/m/it' will be
(Font)              scaled to size 15.89755pt on input line 75.
LaTeX Font Info:    Font shape `OML/mdput/m/it' will be
(Font)              scaled to size 11.03998pt on input line 75.
LaTeX Font Info:    Font shape `OMS/mdput/m/n' will be
(Font)              scaled to size 15.89755pt on input line 75.
LaTeX Font Info:    Font shape `OMS/mdput/m/n' will be
(Font)              scaled to size 11.03998pt on input line 75.
LaTeX Font Info:    Font shape `OML/mdput/m/n' will be
(Font)              scaled to size 15.89755pt on input line 75.
LaTeX Font Info:    Font shape `OML/mdput/m/n' will be
(Font)              scaled to size 11.03998pt on input line 75.
LaTeX Font Info:    Font shape `MDA/mdput/m/n' will be
(Font)              scaled to size 15.89755pt on input line 75.
LaTeX Font Info:    Font shape `MDA/mdput/m/n' will be
(Font)              scaled to size 11.03998pt on input line 75.
LaTeX Font Info:    Font shape `MDB/mdput/m/n' will be
(Font)              scaled to size 15.89755pt on input line 75.
LaTeX Font Info:    Font shape `MDB/mdput/m/n' will be
(Font)              scaled to size 11.03998pt on input line 75.


Package hyperref Warning: Token not allowed in a PDF string (PDFDocEncoding):
(hyperref)                removing `math shift' on input line 75.


Package hyperref Warning: Token not allowed in a PDF string (PDFDocEncoding):
(hyperref)                removing `\epsilon' on input line 75.


Package hyperref Warning: Token not allowed in a PDF string (PDFDocEncoding):
(hyperref)                removing `math shift' on input line 75.


Underfull \hbox (badness 10000) has occurred while \output is active
 [] 
 []


Underfull \hbox (badness 10000) has occurred while \output is active
 []$[]$|
 []


Underfull \hbox (badness 10000) has occurred while \output is active
 [] 
 []


Underfull \hbox (badness 10000) has occurred while \output is active
 []
 []

[4]
LaTeX Font Info:    Font shape `OT1/mdput/b/n' will be
(Font)              scaled to size 10.07397pt on input line 102.
LaTeX Font Info:    Font shape `OT1/mdput/b/n' will be
(Font)              scaled to size 7.35999pt on input line 102.
LaTeX Font Info:    Font shape `OT1/mdput/b/n' will be
(Font)              scaled to size 5.51999pt on input line 102.
LaTeX Font Info:    Font shape `OML/mdput/b/it' will be
(Font)              scaled to size 10.07397pt on input line 102.
LaTeX Font Info:    Font shape `OML/mdput/b/it' will be
(Font)              scaled to size 7.35999pt on input line 102.
LaTeX Font Info:    Font shape `OML/mdput/b/it' will be
(Font)              scaled to size 5.51999pt on input line 102.
LaTeX Font Info:    Font shape `OMS/mdput/b/n' will be
(Font)              scaled to size 10.07397pt on input line 102.
LaTeX Font Info:    Font shape `OMS/mdput/b/n' will be
(Font)              scaled to size 7.35999pt on input line 102.
LaTeX Font Info:    Font shape `OMS/mdput/b/n' will be
(Font)              scaled to size 5.51999pt on input line 102.
LaTeX Font Info:    Font shape `OML/mdput/b/n' will be
(Font)              scaled to size 10.07397pt on input line 102.
LaTeX Font Info:    Font shape `OML/mdput/b/n' will be
(Font)              scaled to size 7.35999pt on input line 102.
LaTeX Font Info:    Font shape `OML/mdput/b/n' will be
(Font)              scaled to size 5.51999pt on input line 102.
LaTeX Font Info:    Font shape `MDA/mdput/b/n' will be
(Font)              scaled to size 10.07397pt on input line 102.
LaTeX Font Info:    Font shape `MDA/mdput/b/n' will be
(Font)              scaled to size 7.35999pt on input line 102.
LaTeX Font Info:    Font shape `MDA/mdput/b/n' will be
(Font)              scaled to size 5.51999pt on input line 102.
LaTeX Font Info:    Font shape `MDB/mdput/b/n' will be
(Font)              scaled to size 10.07397pt on input line 102.
LaTeX Font Info:    Font shape `MDB/mdput/b/n' will be
(Font)              scaled to size 7.35999pt on input line 102.
LaTeX Font Info:    Font shape `MDB/mdput/b/n' will be
(Font)              scaled to size 5.51999pt on input line 102.
LaTeX Font Info:    Font shape `T1/mdput/m/it' will be
(Font)              scaled to size 8.27998pt on input line 107.


LaTeX Warning: Citation `Crut92c' on page 5 undefined on input line 109.


Underfull \hbox (badness 10000) has occurred while \output is active
 [] 
 []


Underfull \hbox (badness 10000) has occurred while \output is active
 []$[]$|
 []


Underfull \hbox (badness 10000) has occurred while \output is active
 [] 
 []


Underfull \hbox (badness 10000) has occurred while \output is active
 []
 []

[5]

LaTeX Warning: Citation `Crut98d' on page 6 undefined on input line 127.


Underfull \hbox (badness 10000) has occurred while \output is active
 [] 
 []


Underfull \hbox (badness 10000) has occurred while \output is active
 []$[]$|
 []


Underfull \hbox (badness 10000) has occurred while \output is active
 [] 
 []


Underfull \hbox (badness 10000) has occurred while \output is active
 []
 []

[6]

LaTeX Warning: Citation `Crut88a' on page 7 undefined on input line 133.


LaTeX Warning: Citation `Crut98d' on page 7 undefined on input line 136.


LaTeX Warning: Citation `Crut98d' on page 7 undefined on input line 141.


LaTeX Warning: Citation `Crut88a' on page 7 undefined on input line 147.


LaTeX Warning: Citation `Crut98d' on page 7 undefined on input line 150.


LaTeX Warning: Citation `Crut88a' on page 7 undefined on input line 155.


LaTeX Warning: Citation `Shal98a' on page 7 undefined on input line 155.

LaTeX Font Info:    Font shape `OT1/mdput/b/n' will be
(Font)              scaled to size 8.27998pt on input line 160.
LaTeX Font Info:    Font shape `OT1/mdput/b/n' will be
(Font)              scaled to size 4.59999pt on input line 160.

LaTeX Warning: Citation `Hopc79' on page 7 undefined on input line 160.


LaTeX Warning: Citation `Ephr02a' on page 7 undefined on input line 160.


Underfull \hbox (badness 10000) has occurred while \output is active
 [] 
 []


Underfull \hbox (badness 10000) has occurred while \output is active
 []$[]$|
 []


Underfull \hbox (badness 10000) has occurred while \output is active
 [] 
 []


Underfull \hbox (badness 10000) has occurred while \output is active
 []
 []

[7] <../chapter1/figures/tex/IID.pdf, id=130, 143.26523pt x 35.15132pt>
File: ../chapter1/figures/tex/IID.pdf Graphic file (type pdf)

<use ../chapter1/figures/tex/IID.pdf>
Underfull \hbox (badness 10000) in paragraph at lines 182--183
 [][] 
 []


Underfull \hbox (badness 10000) has occurred while \output is active
 [] 
 []


Underfull \hbox (badness 10000) has occurred while \output is active
 []$[]$|
 []


Underfull \hbox (badness 10000) has occurred while \output is active
 [] 
 []


Underfull \hbox (badness 10000) has occurred while \output is active
 []
 []

[8 <../chapter1/figures/tex/IID.pdf>]
Underfull \hbox (badness 10000) has occurred while \output is active
 [] 
 []


Underfull \hbox (badness 10000) has occurred while \output is active
 []$[]$|
 []


Underfull \hbox (badness 10000) has occurred while \output is active
 [] 
 []


Underfull \hbox (badness 10000) has occurred while \output is active
 []
 []

[9] <../chapter1/figures/scripts/BE_IID_all.pdf, id=162, 722.7pt x 361.35pt>
File: ../chapter1/figures/scripts/BE_IID_all.pdf Graphic file (type pdf)

<use ../chapter1/figures/scripts/BE_IID_all.pdf>
Underfull \hbox (badness 10000) in paragraph at lines 236--236
\T1/mdput/m/n/10.95 ply a line through the ori-gin with slope de-ter-mined by $
\OML/mdput/m/it/10.95 p$\T1/mdput/m/n/10.95 . Since there is a sym-me-try in th
e class
 []


Underfull \hbox (badness 10000) in paragraph at lines 236--236
\T1/mdput/m/n/10.95 prox-i-ma-tions. Col-or-bar in-di-cates the prob-a-bil-ity,
 $\OML/mdput/m/it/10.95 p$\T1/mdput/m/n/10.95 , that is var-ied to ob-tain dif-
fer-ent mem-bers
 []


Underfull \hbox (badness 10000) has occurred while \output is active
 [] 
 []


Underfull \hbox (badness 10000) has occurred while \output is active
 []$[]$|
 []


Underfull \hbox (badness 10000) has occurred while \output is active
 [] 
 []


Underfull \hbox (badness 10000) has occurred while \output is active
 []
 []

[10 <../chapter1/figures/scripts/BE_IID_all.pdf>]
Overfull \hbox (27.10124pt too wide) in paragraph at lines 251--251
[] 
 []

<../chapter1/figures/goldenmean_feM_gr.pdf, id=220, 191.71625pt x 55.20625pt>
File: ../chapter1/figures/goldenmean_feM_gr.pdf Graphic file (type pdf)

<use ../chapter1/figures/goldenmean_feM_gr.pdf>
Underfull \hbox (badness 10000) in paragraph at lines 263--264
 [][] 
 []


Underfull \hbox (badness 10000) in paragraph at lines 264--264
[]\T1/mdput/m/n/10.95 Figure 1.3: []The Golden Mean Pro-cess is one that dis-al
-lows con-sec-u-tive ze-ros. Af-ter a zero [one]
 []


Underfull \hbox (badness 10000) has occurred while \output is active
 [] 
 []


Underfull \hbox (badness 10000) has occurred while \output is active
 []$[]$|
 []


Underfull \hbox (badness 10000) has occurred while \output is active
 [] 
 []


Underfull \hbox (badness 10000) has occurred while \output is active
 []
 []

[11 <../chapter1/figures/goldenmean_feM_gr.pdf>]

LaTeX Warning: Reference `app:proofs' on page 12 undefined on input line 271.

<../chapter1/figures/scripts/BE_GM_all.pdf, id=237, 722.7pt x 361.35pt>
File: ../chapter1/figures/scripts/BE_GM_all.pdf Graphic file (type pdf)

<use ../chapter1/figures/scripts/BE_GM_all.pdf>
Underfull \hbox (badness 10000) in paragraph at lines 275--275
\T1/mdput/m/n/10.95 ready $\OML/mdput/m/it/10.95 h[]$\T1/mdput/m/n/10.95 . This
 im-plies that the min-i-mum cor-re-la-tion length re-quired for max-i-mal pre-
dic-tion
 []

<../chapter1/figures/tex/GM_nonunif.pdf, id=238, 195.90189pt x 57.90634pt>
File: ../chapter1/figures/tex/GM_nonunif.pdf Graphic file (type pdf)

<use ../chapter1/figures/tex/GM_nonunif.pdf>
Underfull \hbox (badness 10000) in paragraph at lines 287--288
 [][] 
 []


Underfull \hbox (badness 10000) in paragraph at lines 288--288
[]\T1/mdput/m/n/10.95 Figure 1.5: []Nonunifilar pre-sen-ta-tion of the Golden M
ean Pro-cess. The en-tropy rate of the pro-
 []


Underfull \hbox (badness 10000) in paragraph at lines 288--288
\T1/mdput/m/n/10.95 cess is \T1/mdput/m/it/10.95 not \T1/mdput/m/n/10.95 sim-pl
y the weighted av-er-age of the en-tropies of sym-bols emit-ted af-ter vis-it-i
ng each
 []


Underfull \hbox (badness 10000) has occurred while \output is active
 [] 
 []


Underfull \hbox (badness 10000) has occurred while \output is active
 []$[]$|
 []


Underfull \hbox (badness 10000) has occurred while \output is active
 [] 
 []


Underfull \hbox (badness 10000) has occurred while \output is active
 []
 []

[12 <../chapter1/figures/scripts/BE_GM_all.pdf>]
Underfull \hbox (badness 10000) has occurred while \output is active
 [] 
 []


Underfull \hbox (badness 10000) has occurred while \output is active
 []$[]$|
 []


Underfull \hbox (badness 10000) has occurred while \output is active
 [] 
 []


Underfull \hbox (badness 10000) has occurred while \output is active
 []
 []

[13 <../chapter1/figures/tex/GM_nonunif.pdf>]
Underfull \hbox (badness 10000) has occurred while \output is active
 [] 
 []


Underfull \hbox (badness 10000) has occurred while \output is active
 []$[]$|
 []


Underfull \hbox (badness 10000) has occurred while \output is active
 [] 
 []


Underfull \hbox (badness 10000) has occurred while \output is active
 []
 []

[14]

LaTeX Warning: Citation `Crut01a' on page 15 undefined on input line 332.


Underfull \hbox (badness 10000) has occurred while \output is active
 [] 
 []


Underfull \hbox (badness 10000) has occurred while \output is active
 []$[]$|
 []


Underfull \hbox (badness 10000) has occurred while \output is active
 [] 
 []


Underfull \hbox (badness 10000) has occurred while \output is active
 []
 []

[15]

LaTeX Warning: Citation `Fras90b' on page 16 undefined on input line 342.


LaTeX Warning: Citation `Casd91a' on page 16 undefined on input line 342.


LaTeX Warning: Citation `Spro03a' on page 16 undefined on input line 342.


LaTeX Warning: Citation `Kant06a' on page 16 undefined on input line 342.


LaTeX Warning: Citation `Arno96' on page 16 undefined on input line 343.


LaTeX Warning: Citation `Crut97a' on page 16 undefined on input line 343.


LaTeX Warning: Citation `Feld98b' on page 16 undefined on input line 343.


LaTeX Warning: Citation `Tono94a' on page 16 undefined on input line 344.


LaTeX Warning: Citation `Bial00a' on page 16 undefined on input line 344.


LaTeX Warning: Citation `Ebel94c' on page 16 undefined on input line 349.


LaTeX Warning: Citation `Debo08a' on page 16 undefined on input line 349.


<../chapter1/figures/tikz/CommunicationChannel.pdf, id=330, 391.93828pt x 160.0
2786pt>
File: ../chapter1/figures/tikz/CommunicationChannel.pdf Graphic file (type pdf)

 <use ../chapter1/figures/tikz/CommunicationChannel.pdf>
Underfull \hbox (badness 10000) in paragraph at lines 367--367
[]\T1/mdput/m/n/10.95 Figure 1.6: []A stochas-tic pro-cess can be viewed as a c
om-mu-ni-ca-tion chan-nel. The data in the
 []


Underfull \hbox (badness 10000) in paragraph at lines 367--367
\T1/mdput/m/n/10.95 past is the in-put to the chan-nel. The chan-nel it-self is
 the dy-nam-i-cal sys-tem, or [],
 []


Underfull \hbox (badness 10000) in paragraph at lines 367--367
\T1/mdput/m/n/10.95 which trans-mits in-for-ma-tion to the fu-ture. The to-tal 
in-for-ma-tion trans-mit-ted from past to
 []


Underfull \hbox (badness 10000) has occurred while \output is active
 [] 
 []


Underfull \hbox (badness 10000) has occurred while \output is active
 []$[]$|
 []


Underfull \hbox (badness 10000) has occurred while \output is active
 [] 
 []


Underfull \hbox (badness 10000) has occurred while \output is active
 []
 []

[16]

LaTeX Warning: Reference `app:Venn' on page 17 undefined on input line 371.

<../chapter1/figures/tikz/2var_IXYisE.pdf, id=337, 245.04047pt x 115.41519pt>
File: ../chapter1/figures/tikz/2var_IXYisE.pdf Graphic file (type pdf)

<use ../chapter1/figures/tikz/2var_IXYisE.pdf>
Underfull \hbox (badness 7963) in paragraph at lines 374--375
 [][] 
 []


Underfull \hbox (badness 10000) in paragraph at lines 375--375
[]\T1/mdput/m/n/10.95 Figure 1.7: []This I-diagram high-lights the role of ex-c
ess en-tropy as the mu-tual in-for-ma-tion be-
 []


<../chapter1/figures/tikz/3var_PastFutureRcolored.pdf, id=339, 291.7048pt x 243
.24677pt>
File: ../chapter1/figures/tikz/3var_PastFutureRcolored.pdf Graphic file (type p
df)
 <use ../chapter1/figures/tikz/3var_PastFutureRcolored.pdf>
Underfull \hbox (badness 3396) in paragraph at lines 382--383
 [][] 
 []


Underfull \hbox (badness 10000) in paragraph at lines 383--383
[]\T1/mdput/m/n/10.95 Figure 1.8: []The generic re-la-tion among the past, fu-t
ure and a state, $\OMS/zplm/m/n/10.95 R$ \T1/mdput/m/n/10.95 in-cludes 15 non-t
riv-ial
 []


Underfull \hbox (badness 10000) in paragraph at lines 383--383
\T1/mdput/m/n/10.95 in-for-ma-tion quan-ti-ties. De-mand-ing that the state in-
volved is a causal state ef-fects 4 of these
 []


Underfull \hbox (badness 10000) in paragraph at lines 383--383
\T1/mdput/m/n/10.95 quan-ti-ties. The green area (which cor-re-sponds to two in
-for-ma-tion atoms) is zero be-cause the
 []


Underfull \hbox (badness 10000) in paragraph at lines 383--383
\T1/mdput/m/n/10.95 causal state is a single-valued func-tion of the past. The 
pur-ple area is zero be-cause causal states
 []


Underfull \hbox (badness 10000) in paragraph at lines 383--383
\T1/mdput/m/n/10.95 are pre-scient. The or-ange area is not zero, but is the mi
n-i-mum value pos-si-ble, given that green
 []


Underfull \hbox (badness 10000) has occurred while \output is active
 [] 
 []


Underfull \hbox (badness 10000) has occurred while \output is active
 []$[]$|
 []


Underfull \hbox (badness 10000) has occurred while \output is active
 [] 
 []


Underfull \hbox (badness 10000) has occurred while \output is active
 []
 []

[17 <../chapter1/figures/tikz/CommunicationChannel.pdf> <../chapter1/figures/ti
kz/2var_IXYisE.pdf>]

LaTeX Warning: Reference `app:Venn' on page 18 undefined on input line 387.


Overfull \hbox (5.69322pt too wide) in paragraph at lines 391--392
\OML/mdput/m/it/10.95 I\OT1/mdput/m/n/10.95 [[]; \OMS/zplm/m/n/10.95 Sj[]\OT1/m
dput/m/n/10.95 ] = 0$\T1/mdput/m/n/10.95 , this shared in-for-ma-tion must be t
he \T1/mdput/m/it/10.95 same \T1/mdput/m/n/10.95 in-for-ma-tion. Re-call-ing th
at $\OML/mdput/m/it/10.95 I\OT1/mdput/m/n/10.95 [[]; []] =
 []


Underfull \hbox (badness 10000) has occurred while \output is active
 [] 
 []


Underfull \hbox (badness 10000) has occurred while \output is active
 []$[]$|
 []


Underfull \hbox (badness 10000) has occurred while \output is active
 [] 
 []


Underfull \hbox (badness 10000) has occurred while \output is active
 []
 []

[18 <../chapter1/figures/tikz/3var_PastFutureRcolored.pdf>]
<../chapter1/figures/tex/mc3_tr.pdf, id=412, 541.60344pt x 171.72156pt>
File: ../chapter1/figures/tex/mc3_tr.pdf Graphic file (type pdf)

<use ../chapter1/figures/tex/mc3_tr.pdf>
Underfull \hbox (badness 1521) in paragraph at lines 405--406
 [][] 
 []


Underfull \hbox (badness 10000) in paragraph at lines 406--406
[]\T1/mdput/m/n/10.95 Figure 1.9: []A pro-cess with 8 causal states. Since each
 state has two out-go-ing tran-si-tions, each of
 []


Underfull \hbox (badness 10000) in paragraph at lines 406--406
\T1/mdput/m/n/10.95 which has one free pa-ram-e-ter, we sup-press the prob-a-bi
l-i-ties here. The reader may ver-ify that
 []


Underfull \hbox (badness 10000) in paragraph at lines 406--406
\T1/mdput/m/n/10.95 this is the struc-ture of an order-3 Markov process---any 3
 sym-bols will uniquely de-fine a state
 []


LaTeX Warning: `!h' float specifier changed to `!ht'.


Underfull \hbox (badness 10000) has occurred while \output is active
 [] 
 []


Underfull \hbox (badness 10000) has occurred while \output is active
 []$[]$|
 []


Underfull \hbox (badness 10000) has occurred while \output is active
 [] 
 []


Underfull \hbox (badness 10000) has occurred while \output is active
 []
 []

[19]
<../chapter1/figures/scripts/E_random_order3.pdf, id=421, 578.16pt x 433.62pt>
File: ../chapter1/figures/scripts/E_random_order3.pdf Graphic file (type pdf)

<use ../chapter1/figures/scripts/E_random_order3.pdf>
Underfull \hbox (badness 6204) in paragraph at lines 423--424
 [][] 
 []


Underfull \hbox (badness 10000) in paragraph at lines 424--424
[]\T1/mdput/m/n/10.95 Figure 1.10: []Excess en-tropy es-ti-mates for 50 in-stan
ces of full order-3 Markov chains (see Fig. [][]1.9[][]
 []


Underfull \hbox (badness 2158) in paragraph at lines 424--424
\T1/mdput/m/n/10.95 for the topol-ogy). No-tice that the es-ti-mates be-come ex
-tremely good (ac-tu-ally ex-act) at $\OML/mdput/m/it/10.95 L \OT1/mdput/m/n/10
.95 = 3$\T1/mdput/m/n/10.95 .
 []


LaTeX Warning: `!h' float specifier changed to `!ht'.

<../chapter1/figures/even_feM_gr.pdf, id=426, 191.71625pt x 55.20625pt>
File: ../chapter1/figures/even_feM_gr.pdf Graphic file (type pdf)

<use ../chapter1/figures/even_feM_gr.pdf>
Underfull \hbox (badness 10000) in paragraph at lines 434--435
 [][] 
 []


Underfull \hbox (badness 10000) in paragraph at lines 435--435
[]\T1/mdput/m/n/10.95 Figure 1.11: []The Even Pro-cess re-quires that all block
s of un-in-ter-rupted ones, with ze-ros on
 []


Underfull \hbox (badness 10000) has occurred while \output is active
 [] 
 []


Underfull \hbox (badness 10000) has occurred while \output is active
 []$[]$|
 []


Underfull \hbox (badness 10000) has occurred while \output is active
 [] 
 []


Underfull \hbox (badness 10000) has occurred while \output is active
 []
 []

[20 <../chapter1/figures/tex/mc3_tr.pdf>]
Underfull \hbox (badness 3525) in paragraph at lines 441--450
 [][] 
 []


Underfull \hbox (badness 10000) in paragraph at lines 450--450
[]\T1/mdput/m/n/10.95 Table 1.1: []The above ta-ble il-lus-trates that for the 
Even Pro-cess, for any length $\OML/mdput/m/it/10.95 N$\T1/mdput/m/n/10.95 , th
ere ex-ists a
 []


Underfull \hbox (badness 10000) in paragraph at lines 450--450
\T1/mdput/m/n/10.95 word (all ones) such that pre-dic-tion based on that word a
lone is dif-fer-ent than pre-dic-tion based
 []


Underfull \hbox (badness 10000) in paragraph at lines 450--450
\T1/mdput/m/n/10.95 on that word know-ing that the pre-vi-ous sym-bol is 0. No-
tice that the op-ti-mal prob-a-bil-i-ties, those
 []


Underfull \hbox (badness 10000) in paragraph at lines 450--450
\T1/mdput/m/n/10.95 pre-dicted af-ter the block of ones is be-gun by a zero, ar
e the same as those pre-dicted by the
 []


Underfull \hbox (badness 10000) has occurred while \output is active
 [] 
 []


Underfull \hbox (badness 10000) has occurred while \output is active
 []$[]$|
 []


Underfull \hbox (badness 10000) has occurred while \output is active
 [] 
 []


Underfull \hbox (badness 10000) has occurred while \output is active
 []
 []

[21 <../chapter1/figures/scripts/E_random_order3.pdf> <../chapter1/figures/even
_feM_gr.pdf>]
<../chapter1/figures/scripts/E_hmu_Even_all_reldiff.pdf, id=492, 722.7pt x 361.
35pt>
File: ../chapter1/figures/scripts/E_hmu_Even_all_reldiff.pdf Graphic file (type
 pdf)
 <use ../chapter1/figures/scripts/E_hmu_Even_all_reldiff.pdf>
Underfull \hbox (badness 10000) in paragraph at lines 459--459
[]\T1/mdput/m/n/10.95 Figure 1.12: []The non-Markovianness of the Even Pro-cess
 leads to some mem-bers of the fam-
 []


Underfull \hbox (badness 10000) in paragraph at lines 459--459
\T1/mdput/m/n/10.95 ily hav-ing very slow con-ver-gence. (Left) Rel-a-tive er-r
ors in the ex-cess en-tropy es-ti-mates show
 []


Underfull \hbox (badness 10000) in paragraph at lines 459--459
\T1/mdput/m/n/10.95 that even con-sid-er-ing cor-re-la-tion lengths up to 10 is
 grossly in-ad-e-quate for a large col-lec-tion
 []


Underfull \hbox (badness 10000) in paragraph at lines 459--459
\T1/mdput/m/n/10.95 of pro-cesses. (Right) Rel-a-tive er-ror of en-tropy rate e
s-ti-mates are very slow to ap-proach zero for
 []


Underfull \hbox (badness 10000) in paragraph at lines 459--459
\T1/mdput/m/n/10.95 mem-bers on the blue end of the spec-trum. This pro-cess se
rves as a key mo-ti-vat-ing ex-am-ple in
 []


LaTeX Warning: `!h' float specifier changed to `!ht'.

<../chapter1/figures/scripts/E_Even_all.pdf, id=495, 578.16pt x 433.62pt>
File: ../chapter1/figures/scripts/E_Even_all.pdf Graphic file (type pdf)

<use ../chapter1/figures/scripts/E_Even_all.pdf>
Underfull \hbox (badness 6204) in paragraph at lines 466--467
 [][] 
 []


Underfull \hbox (badness 10000) in paragraph at lines 467--467
[]\T1/mdput/m/n/10.95 Figure 1.13: []Excess en-tropy es-ti-mates for the Even P
ro-cess with-out ac-cess to the ac-tual limit \T1/mdput/b/n/10.95 E\T1/mdput/m/
n/10.95 .
 []


Underfull \hbox (badness 10000) in paragraph at lines 467--467
\T1/mdput/m/n/10.95 Its es-ti-mates in-crease in a very slow man-ner mak-ing cl
aims about con-ver-gence, ex-cept for very
 []


Underfull \hbox (badness 10000) has occurred while \output is active
 [] 
 []


Underfull \hbox (badness 10000) has occurred while \output is active
 []$[]$|
 []


Underfull \hbox (badness 10000) has occurred while \output is active
 [] 
 []


Underfull \hbox (badness 10000) has occurred while \output is active
 []
 []

[22]

LaTeX Warning: `!h' float specifier changed to `!ht'.


LaTeX Warning: Reference `PRATISP' on page 23 undefined on input line 471.


Underfull \hbox (badness 10000) has occurred while \output is active
 [] 
 []


Underfull \hbox (badness 10000) has occurred while \output is active
 []$[]$|
 []


Underfull \hbox (badness 10000) has occurred while \output is active
 [] 
 []


Underfull \hbox (badness 10000) has occurred while \output is active
 []
 []

[23 <../chapter1/figures/scripts/E_hmu_Even_all_reldiff.pdf>]
Underfull \hbox (badness 10000) has occurred while \output is active
 [] 
 []


Underfull \hbox (badness 10000) has occurred while \output is active
 []$[]$|
 []


Underfull \hbox (badness 10000) has occurred while \output is active
 [] 
 []


Underfull \hbox (badness 10000) has occurred while \output is active
 []
 []

[24 <../chapter1/figures/scripts/E_Even_all.pdf>]
<../chapter1/figures/tikz/3var_PastFutureS.pdf, id=620, 303.90338pt x 165.93192
pt>
File: ../chapter1/figures/tikz/3var_PastFutureS.pdf Graphic file (type pdf)
 <use ../chapter1/figures/tikz/3var_PastFutureS.pdf>
Underfull \hbox (badness 2591) in paragraph at lines 500--501
 [][] 
 []


Underfull \hbox (badness 10000) in paragraph at lines 501--501
[]\T1/mdput/m/n/10.95 Figure 1.14: []This high-lights the cryp-tic-ity $\OML/md
put/m/it/10.95 ^^_$ \T1/mdput/m/n/10.95 in or-ange as the dif-fer-ence be-tween
 the state in-
 []


Underfull \hbox (badness 10000) in paragraph at lines 501--501
\T1/mdput/m/n/10.95 for-ma-tion $\OML/mdput/m/it/10.95 C[]$ \T1/mdput/m/n/10.95
 and the pre-dic-tive in-for-ma-tion $\OT1/mdput/b/n/10.95 E$\T1/mdput/m/n/10.9
5 . In this sense, cryp-tic-ity can be thought of as
 []


LaTeX Warning: `!h' float specifier changed to `!ht'.


LaTeX Warning: Reference `app:Venn' on page 25 undefined on input line 508.


Underfull \hbox (badness 10000) has occurred while \output is active
 [] 
 []


Underfull \hbox (badness 10000) has occurred while \output is active
 []$[]$|
 []


Underfull \hbox (badness 10000) has occurred while \output is active
 [] 
 []


Underfull \hbox (badness 10000) has occurred while \output is active
 []
 []

[25]
<../chapter1/figures/tikz/FoliationMarkov.pdf, id=629, 303.90338pt x 143.8675pt
>
File: ../chapter1/figures/tikz/FoliationMarkov.pdf Graphic file (type pdf)
 <use ../chapter1/figures/tikz/FoliationMarkov.pdf>
Underfull \hbox (badness 10000) in paragraph at lines 513--513
[]\T1/mdput/m/n/10.95 Figure 1.15: []An il-lus-tra-tion of a pro-cess which is 
order-4 Markov. The past $\OML/mdput/m/it/10.95 H\OT1/mdput/m/n/10.95 [[]]$ \T1
/mdput/m/n/10.95 is shown as be-
 []


Underfull \hbox (badness 10000) in paragraph at lines 513--513
\T1/mdput/m/n/10.95 ing strat-i-fied in the stan-dard way. We can see that con-
di-tion-ing on the past 4 vari-ables re-duces
 []


Underfull \hbox (badness 10000) in paragraph at lines 513--513
\T1/mdput/m/n/10.95 as much un-cer-tainty in the fu-ture as does con-di-tion-in
g on the en-tire past. Con-di-tion-ing on only
 []


LaTeX Warning: `!h' float specifier changed to `!ht'.


<../chapter1/figures/tikz/FoliationCrypticReqk.pdf, id=630, 312.8227pt x 165.93
192pt>
File: ../chapter1/figures/tikz/FoliationCrypticReqk.pdf Graphic file (type pdf)

 <use ../chapter1/figures/tikz/FoliationCrypticReqk.pdf>
Underfull \hbox (badness 10000) in paragraph at lines 520--520
[]\T1/mdput/m/n/10.95 Figure 1.16: []This is an-other il-lus-tra-tion of an ord
er-4 Markov pro-cess. The causal state has
 []


Underfull \hbox (badness 10000) in paragraph at lines 520--520
\T1/mdput/m/n/10.95 been added to the di-a-gram and the bound-aries made a lit-
tle more curvy to an-tic-i-pate fu-ture
 []


Underfull \hbox (badness 10000) in paragraph at lines 520--520
\T1/mdput/m/n/10.95 I-diagrams. No-tice that in ad-di-tion to the length 4 stat
is-tics be-ing suf-fi-cient for cap-tur-ing $\OT1/mdput/b/n/10.95 E$\T1/mdput/m
/n/10.95 , the
 []


Underfull \hbox (badness 10000) in paragraph at lines 520--520
\T1/mdput/m/n/10.95 same is true for cap-tur-ing $\OML/mdput/m/it/10.95 ^^_$ \T
1/mdput/m/n/10.95 which is the re-main-der of $\OML/mdput/m/it/10.95 C[]$\T1/md
put/m/n/10.95 . In con-trast, the length 3 statis-tics
 []


Underfull \hbox (badness 10000) in paragraph at lines 520--520
\T1/mdput/m/n/10.95 are in-suf-fi-cient for both $\OT1/mdput/b/n/10.95 E$ \T1/m
dput/m/n/10.95 and $\OML/mdput/m/it/10.95 ^^_$\T1/mdput/m/n/10.95 . Be-ing in-s
uf-fi-cient for $\OT1/mdput/b/n/10.95 E$ \T1/mdput/m/n/10.95 is why the pro-ces
s is order-4 Markov.
 []


LaTeX Warning: `!h' float specifier changed to `!ht'.


<../chapter1/figures/tikz/FoliationCryptic.pdf, id=632, 312.8227pt x 165.93192p
t>
File: ../chapter1/figures/tikz/FoliationCryptic.pdf Graphic file (type pdf)
 <use ../chapter1/figures/tikz/FoliationCryptic.pdf>
Underfull \hbox (badness 10000) in paragraph at lines 529--529
[]\T1/mdput/m/n/10.95 Figure 1.17: []An il-lus-tra-tion of a pro-cess with dif-
fer-ing cryp-tic and Markov or-ders. The Markov
 []


Underfull \hbox (badness 10000) in paragraph at lines 529--529
\T1/mdput/m/n/10.95 or-der is 4; this is the first his-tory length which con-ta
ins all of the pre-dic-tive in-for-ma-tion. No-tice
 []


Underfull \hbox (badness 10000) in paragraph at lines 529--529
\T1/mdput/m/n/10.95 that the length 3 his-tory curves back again miss-ing a por
-tion of $\OT1/mdput/b/n/10.95 E$\T1/mdput/m/n/10.95 . The cryp-tic or-der is 3
 be-
 []


Underfull \hbox (badness 10000) in paragraph at lines 529--529
\T1/mdput/m/n/10.95 cause al-though the length 3 his-tory misses some por-tion 
of $\OT1/mdput/b/n/10.95 E$\T1/mdput/m/n/10.95 , it does de-ter-mine the causal
 state
 []


LaTeX Warning: `!h' float specifier changed to `!ht'.


<../chapter1/figures/tikz/FoliationCrypticRgegek.pdf, id=633, 312.8227pt x 165.
93192pt>
File: ../chapter1/figures/tikz/FoliationCrypticRgegek.pdf Graphic file (type pd
f)
 <use ../chapter1/figures/tikz/FoliationCrypticRgegek.pdf>
Underfull \hbox (badness 10000) in paragraph at lines 536--536
[]\T1/mdput/m/n/10.95 Figure 1.18: []The Markov and cryp-tic or-ders may dif-fe
r by more than one. This is an in-stance
 []


Underfull \hbox (badness 10000) in paragraph at lines 536--536
\T1/mdput/m/n/10.95 where the Markov or-der is 4, yet the cryp-tic or-der is 2.
 Two en-tropies are la-beled twice for clar-
 []


LaTeX Warning: `!h' float specifier changed to `!ht'.


LaTeX Warning: Reference `ch.IACP' on page 26 undefined on input line 540.


Underfull \hbox (badness 10000) has occurred while \output is active
 [] 
 []


Underfull \hbox (badness 10000) has occurred while \output is active
 []$[]$|
 []


Underfull \hbox (badness 10000) has occurred while \output is active
 [] 
 []


Underfull \hbox (badness 10000) has occurred while \output is active
 []
 []

[26 <../chapter1/figures/tikz/3var_PastFutureS.pdf>]
(../settings/autocompile.tex
No file chapter1.bbl.

Underfull \hbox (badness 10000) has occurred while \output is active
 [] 
 []


Underfull \hbox (badness 10000) has occurred while \output is active
 []$[]$|
 []


Underfull \hbox (badness 10000) has occurred while \output is active
 [] 
 []


Underfull \hbox (badness 10000) has occurred while \output is active
 []
 []

[27 <../chapter1/figures/tikz/FoliationMarkov.pdf> <../chapter1/figures/tikz/Fo
liationCrypticReqk.pdf>]
Underfull \hbox (badness 10000) has occurred while \output is active
 [] 
 []


Underfull \hbox (badness 10000) has occurred while \output is active
 []$[]$|
 []


Underfull \hbox (badness 10000) has occurred while \output is active
 [] 
 []


Underfull \hbox (badness 10000) has occurred while \output is active
 []
 []

[28 <../chapter1/figures/tikz/FoliationCryptic.pdf> <../chapter1/figures/tikz/F
oliationCrypticRgegek.pdf>] (./chapter1.aux)

LaTeX Warning: There were undefined references.


LaTeX Warning: There were multiply-defined labels.

 ) )
(\end occurred when \ifx on line 8 was incomplete)
(\end occurred when \ifx on line 554 was incomplete) 
Here is how much of TeX's memory you used:
 15692 strings out of 493848
 260438 string characters out of 3149207
 358427 words of memory out of 3000000
 18424 multiletter control sequences out of 15000+200000
 199774 words of font info for 204 fonts, out of 3000000 for 9000
 714 hyphenation exceptions out of 8191
 51i,25n,49p,1869b,385s stack positions out of 5000i,500n,10000p,200000b,50000s
pdfTeX warning (dest): name
{Hfootnote.23} has been referenced but does not exist, replaced by a fixed one

pdfTeX warning (dest): name{Hfootnote.22} has been referenced but does not exis
t, replaced by a fixed one

pdfTeX warning (dest): name{Hfootnote.21} has been referenced but does not exis
t, replaced by a fixed one

pdfTeX warning (dest): name{Hfootnote.20} has been referenced but does not exis
t, replaced by a fixed one

pdfTeX warning (dest): name{Hfootnote.19} has been referenced but does not exis
t, replaced by a fixed one

pdfTeX warning (dest): name{Hfootnote.18} has been referenced but does not exis
t, replaced by a fixed one

pdfTeX warning (dest): name{Hfootnote.17} has been referenced but does not exis
t, replaced by a fixed one

pdfTeX warning (dest): name{Hfootnote.16} has been referenced but does not exis
t, replaced by a fixed one

pdfTeX warning (dest): name{Hfootnote.15} has been referenced but does not exis
t, replaced by a fixed one

pdfTeX warning (dest): name{Hfootnote.14} has been referenced but does not exis
t, replaced by a fixed one

pdfTeX warning (dest): name{Hfootnote.13} has been referenced but does not exis
t, replaced by a fixed one

pdfTeX warning (dest): name{Hfootnote.12} has been referenced but does not exis
t, replaced by a fixed one

pdfTeX warning (dest): name{Hfootnote.11} has been referenced but does not exis
t, replaced by a fixed one

pdfTeX warning (dest): name{Hfootnote.10} has been referenced but does not exis
t, replaced by a fixed one

pdfTeX warning (dest): name{Hfootnote.9} has been referenced but does not exist
, replaced by a fixed one

pdfTeX warning (dest): name{Hfootnote.8} has been referenced but does not exist
, replaced by a fixed one

pdfTeX warning (dest): name{Hfootnote.7} has been referenced but does not exist
, replaced by a fixed one

pdfTeX warning (dest): name{Hfootnote.6} has been referenced but does not exist
, replaced by a fixed one

pdfTeX warning (dest): name{Hfootnote.5} has been referenced but does not exist
, replaced by a fixed one

pdfTeX warning (dest): name{Hfootnote.4} has been referenced but does not exist
, replaced by a fixed one

pdfTeX warning (dest): name{Hfootnote.3} has been referenced but does not exist
, replaced by a fixed one

pdfTeX warning (dest): name{Hfootnote.2} has been referenced but does not exist
, replaced by a fixed one

pdfTeX warning (dest): name{Hfootnote.1} has been referenced but does not exist
, replaced by a fixed one

{/usr/local/texlive/2009/texmf-dist/fonts/enc/dvips/base/texnansi.enc}</usr/loc
al/texlive/2009/texmf-dist/fonts/type1/public/amsfonts/cm/cmbsy10.pfb></usr/loc
al/texlive/2009/texmf-dist/fonts/type1/public/amsfonts/cm/cmbx10.pfb></usr/loca
l/texlive/2009/texmf-dist/fonts/type1/public/amsfonts/cm/cmbx12.pfb></usr/local
/texlive/2009/texmf-dist/fonts/type1/public/amsfonts/cm/cmex10.pfb></usr/local/
texlive/2009/texmf-dist/fonts/type1/public/amsfonts/cm/cmmi10.pfb></usr/local/t
exlive/2009/texmf-dist/fonts/type1/public/amsfonts/cm/cmmi7.pfb></usr/local/tex
live/2009/texmf-dist/fonts/type1/public/amsfonts/cm/cmr10.pfb></usr/local/texli
ve/2009/texmf-dist/fonts/type1/public/amsfonts/cm/cmr7.pfb></usr/local/texlive/
2009/texmf-dist/fonts/type1/public/amsfonts/cm/cmsy10.pfb></usr/local/texlive/2
009/texmf-dist/fonts/type1/public/amsfonts/cm/cmsy7.pfb></usr/local/texlive/200
9/texmf-dist/fonts/type1/public/mathpazo/fplmr.pfb></usr/local/texlive/2009/tex
mf-dist/fonts/type1/mathdesign/mdput/md-utr7t.pfb></usr/local/texlive/2009/texm
f-dist/fonts/type1/mathdesign/mdput/md-utr8t.pfb></usr/local/texlive/2009/texmf
-dist/fonts/type1/mathdesign/mdput/md-utri7m.pfb></usr/local/texlive/2009/texmf
-dist/fonts/type1/mathdesign/mdput/md-utri8t.pfb></usr/local/texlive/2009/texmf
-dist/fonts/type1/mathdesign/mdput/md-utrma.pfb></usr/local/texlive/2009/texmf-
dist/fonts/type1/adobe/utopia/putb8a.pfb></usr/local/texlive/2009/texmf-dist/fo
nts/type1/adobe/utopia/putr8a.pfb></usr/local/texlive/2009/texmf-dist/fonts/typ
e1/adobe/utopia/putri8a.pfb>
Output written on chapter1.pdf (28 pages, 498270 bytes).
PDF statistics:
 819 PDF objects out of 1000 (max. 8388607)
 90 named destinations out of 1000 (max. 500000)
 15079 words of extra memory for PDF output out of 17280 (max. 10000000)

